[NX Daemon Server] - 2024-06-13T11:39:08.692Z - Started listening on: /var/folders/tc/wk467jc11zqc2dd4mxl2bc1h0000gn/T/2fdebc5bb397ac766608/d.sock
[NX Daemon Server] - 2024-06-13T11:39:08.693Z - [WATCHER]: Subscribed to changes within: /Users/zpydee/Documents/Github/spwntch/workspace (native)
[NX Daemon Server] - 2024-06-13T11:39:08.694Z - Established a connection. Number of open connections: 1
[NX Daemon Server] - 2024-06-13T11:39:08.694Z - Established a connection. Number of open connections: 2
[NX Daemon Server] - 2024-06-13T11:39:08.695Z - Closed a connection. Number of open connections: 1
[NX Daemon Server] - 2024-06-13T11:39:08.695Z - [REQUEST]: Client Request for Project Graph Received
[NX Daemon Server] - 2024-06-13T11:39:08.776Z - [REQUEST]: Updated workspace context based on watched changes, recomputing project graph...
[NX Daemon Server] - 2024-06-13T11:39:08.776Z - [REQUEST]: 
[NX Daemon Server] - 2024-06-13T11:39:08.776Z - [REQUEST]: 
[NX Daemon Server] - 2024-06-13T11:39:09.889Z - [REQUEST]: Responding to the client. project-graph
[NX Daemon Server] - 2024-06-13T11:39:09.890Z - Time taken for 'total for creating and serializing project graph' 1193.741625ms
[NX Daemon Server] - 2024-06-13T11:39:09.897Z - Done responding to the client project-graph
[NX Daemon Server] - 2024-06-13T11:39:09.897Z - Handled REQUEST_PROJECT_GRAPH. Handling time: 1194. Response time: 8.
[NX Daemon Server] - 2024-06-13T11:39:09.914Z - [REQUEST]: Responding to the client. handleHashTasks
[NX Daemon Server] - 2024-06-13T11:39:09.918Z - Done responding to the client handleHashTasks
[NX Daemon Server] - 2024-06-13T11:39:09.918Z - Handled HASH_TASKS. Handling time: 10. Response time: 4.
[NX Daemon Server] - 2024-06-13T11:39:10.297Z - Established a connection. Number of open connections: 2
[NX Daemon Server] - 2024-06-13T11:39:10.298Z - Closed a connection. Number of open connections: 1
[NX Daemon Server] - 2024-06-13T11:39:10.298Z - Established a connection. Number of open connections: 2
[NX Daemon Server] - 2024-06-13T11:39:10.299Z - [REQUEST]: Client Request for Project Graph Received
[NX Daemon Server] - 2024-06-13T11:39:10.299Z - [REQUEST]: Responding to the client. project-graph
[NX Daemon Server] - 2024-06-13T11:39:10.299Z - Time taken for 'total for creating and serializing project graph' 0.0680409999999938ms
[NX Daemon Server] - 2024-06-13T11:39:10.301Z - Done responding to the client project-graph
[NX Daemon Server] - 2024-06-13T11:39:10.301Z - Handled REQUEST_PROJECT_GRAPH. Handling time: 0. Response time: 2.
[NX Daemon Server] - 2024-06-13T11:39:10.695Z - Established a connection. Number of open connections: 3
[NX Daemon Server] - 2024-06-13T11:39:10.695Z - Closed a connection. Number of open connections: 2
[NX Daemon Server] - 2024-06-13T11:39:10.695Z - Established a connection. Number of open connections: 3
[NX Daemon Server] - 2024-06-13T11:39:10.696Z - [REQUEST]: Client Request for Project Graph Received
[NX Daemon Server] - 2024-06-13T11:39:10.696Z - [REQUEST]: Responding to the client. project-graph
[NX Daemon Server] - 2024-06-13T11:39:10.696Z - Time taken for 'total for creating and serializing project graph' 0.09716600000001563ms
[NX Daemon Server] - 2024-06-13T11:39:10.698Z - Done responding to the client project-graph
[NX Daemon Server] - 2024-06-13T11:39:10.698Z - Handled REQUEST_PROJECT_GRAPH. Handling time: 0. Response time: 2.
[NX Daemon Server] - 2024-06-13T11:39:10.725Z - [REQUEST]: Client Request for Project Graph Received
[NX Daemon Server] - 2024-06-13T11:39:10.725Z - [REQUEST]: Responding to the client. project-graph
[NX Daemon Server] - 2024-06-13T11:39:10.726Z - Time taken for 'total for creating and serializing project graph' 0.12483400000019174ms
[NX Daemon Server] - 2024-06-13T11:39:10.727Z - Done responding to the client project-graph
[NX Daemon Server] - 2024-06-13T11:39:10.727Z - Handled REQUEST_PROJECT_GRAPH. Handling time: 0. Response time: 2.
[NX Daemon Server] - 2024-06-13T11:39:11.354Z - [WATCHER]: Processing file changes in outputs
[NX Daemon Server] - 2024-06-13T11:39:12.635Z - [WATCHER]: Processing file changes in outputs
[NX Daemon Server] - 2024-06-13T11:39:12.848Z - [REQUEST]: Client Request for Project Graph Received
[NX Daemon Server] - 2024-06-13T11:39:12.848Z - [REQUEST]: Responding to the client. project-graph
[NX Daemon Server] - 2024-06-13T11:39:12.849Z - Time taken for 'total for creating and serializing project graph' 0.11837500000001455ms
[NX Daemon Server] - 2024-06-13T11:39:12.852Z - Done responding to the client project-graph
[NX Daemon Server] - 2024-06-13T11:39:12.852Z - Handled REQUEST_PROJECT_GRAPH. Handling time: 0. Response time: 4.
[NX Daemon Server] - 2024-06-13T11:39:12.878Z - [WATCHER]: Processing file changes in outputs
[NX Daemon Server] - 2024-06-13T11:39:16.889Z - [WATCHER]: Processing file changes in outputs
[NX Daemon Server] - 2024-06-13T11:39:18.674Z - [WATCHER]: Processing file changes in outputs
[NX Daemon Server] - 2024-06-13T11:39:18.750Z - [WATCHER]: Processing file changes in outputs
[NX Daemon Server] - 2024-06-13T11:39:18.812Z - [WATCHER]: Processing file changes in outputs
[NX Daemon Server] - 2024-06-13T11:39:19.086Z - [WATCHER]: Processing file changes in outputs
[NX Daemon Server] - 2024-06-13T11:39:19.290Z - [WATCHER]: Processing file changes in outputs
[NX Daemon Server] - 2024-06-13T11:46:02.100Z - [WATCHER]: package.json was modified
[NX Daemon Server] - 2024-06-13T11:46:02.101Z - [WATCHER]: Processing file changes in outputs
[NX Daemon Server] - 2024-06-13T11:46:02.173Z - [WATCHER]: Processing file changes in outputs
[NX Daemon Server] - 2024-06-13T11:46:02.203Z - [REQUEST]: Updated workspace context based on watched changes, recomputing project graph...
[NX Daemon Server] - 2024-06-13T11:46:02.203Z - [REQUEST]: package.json
[NX Daemon Server] - 2024-06-13T11:46:02.203Z - [REQUEST]: 
[NX Daemon Server] - 2024-06-13T11:46:02.309Z - [WATCHER]: Processing file changes in outputs
[NX Daemon Server] - 2024-06-13T11:46:02.309Z - Time taken for 'hash changed files from watcher' 0.3234579999698326ms
[NX Daemon Server] - 2024-06-13T11:46:03.230Z - [WATCHER]: Processing file changes in outputs
[NX Daemon Server] - 2024-06-13T11:46:03.473Z - [WATCHER]: Processing file changes in outputs
[NX Daemon Server] - 2024-06-13T11:46:03.570Z - Closed a connection. Number of open connections: 2
[NX Daemon Server] - 2024-06-13T11:46:03.579Z - Closed a connection. Number of open connections: 1
[NX Daemon Server] - 2024-06-13T11:46:03.582Z - [REQUEST]: Responding to the client. recordOutputsHash
[NX Daemon Server] - 2024-06-13T11:46:03.582Z - Done responding to the client recordOutputsHash
[NX Daemon Server] - 2024-06-13T11:46:03.582Z - Handled RECORD_OUTPUTS_HASH. Handling time: 1. Response time: 0.
[NX Daemon Server] - 2024-06-13T11:46:03.587Z - Closed a connection. Number of open connections: 0
[NX Daemon Server] - 2024-06-13T11:46:03.627Z - [WATCHER]: Processing file changes in outputs
[NX Daemon Server] - 2024-06-13T11:46:04.014Z - Established a connection. Number of open connections: 1
[NX Daemon Server] - 2024-06-13T11:46:04.014Z - Closed a connection. Number of open connections: 0
[NX Daemon Server] - 2024-06-13T11:46:04.015Z - Established a connection. Number of open connections: 1
[NX Daemon Server] - 2024-06-13T11:46:04.016Z - [REQUEST]: Client Request for Project Graph Received
[NX Daemon Server] - 2024-06-13T11:46:04.016Z - [REQUEST]: Responding to the client. project-graph
[NX Daemon Server] - 2024-06-13T11:46:04.016Z - Time taken for 'total for creating and serializing project graph' 0.04920799995306879ms
[NX Daemon Server] - 2024-06-13T11:46:04.017Z - Done responding to the client project-graph
[NX Daemon Server] - 2024-06-13T11:46:04.017Z - Handled REQUEST_PROJECT_GRAPH. Handling time: 0. Response time: 1.
[NX Daemon Server] - 2024-06-13T11:46:04.508Z - Closed a connection. Number of open connections: 0
[NX Daemon Server] - 2024-06-13T11:46:04.566Z - [WATCHER]: Processing file changes in outputs
[NX Daemon Server] - 2024-06-13T11:46:05.357Z - [WATCHER]: _tmp_47400_89e261e72f4a2f3e4a6af2a746846b6a was deleted
[NX Daemon Server] - 2024-06-13T11:46:05.357Z - [WATCHER]: Processing file changes in outputs
[NX Daemon Server] - 2024-06-13T11:46:05.458Z - [REQUEST]: Updated workspace context based on watched changes, recomputing project graph...
[NX Daemon Server] - 2024-06-13T11:46:05.459Z - [REQUEST]: 
[NX Daemon Server] - 2024-06-13T11:46:05.459Z - [REQUEST]: _tmp_47400_89e261e72f4a2f3e4a6af2a746846b6a
[NX Daemon Server] - 2024-06-13T11:46:05.506Z - Time taken for 'hash changed files from watcher' 0.24937500001396984ms
[NX Daemon Server] - 2024-06-13T11:46:06.723Z - [WATCHER]: Processing file changes in outputs
[NX Daemon Server] - 2024-06-13T11:46:06.723Z - [WATCHER]: Stopping the watcher for /Users/zpydee/Documents/Github/spwntch/workspace (sources)
[NX Daemon Server] - 2024-06-13T11:46:06.723Z - [WATCHER]: Stopping the watcher for /Users/zpydee/Documents/Github/spwntch/workspace (outputs)
[NX Daemon Server] - 2024-06-13T11:46:06.723Z - Server stopped because: "LOCK_FILES_CHANGED"
[NX Daemon Server] - 2024-06-13T11:46:32.627Z - Started listening on: /var/folders/tc/wk467jc11zqc2dd4mxl2bc1h0000gn/T/2fdebc5bb397ac766608/d.sock
[NX Daemon Server] - 2024-06-13T11:46:32.629Z - [WATCHER]: Subscribed to changes within: /Users/zpydee/Documents/Github/spwntch/workspace (native)
[NX Daemon Server] - 2024-06-13T11:46:32.634Z - Established a connection. Number of open connections: 1
[NX Daemon Server] - 2024-06-13T11:46:32.634Z - Established a connection. Number of open connections: 2
[NX Daemon Server] - 2024-06-13T11:46:32.635Z - Closed a connection. Number of open connections: 1
[NX Daemon Server] - 2024-06-13T11:46:32.636Z - [REQUEST]: Client Request for Project Graph Received
[NX Daemon Server] - 2024-06-13T11:46:32.694Z - [REQUEST]: Updated workspace context based on watched changes, recomputing project graph...
[NX Daemon Server] - 2024-06-13T11:46:32.694Z - [REQUEST]: 
[NX Daemon Server] - 2024-06-13T11:46:32.694Z - [REQUEST]: 
[NX Daemon Server] - 2024-06-13T11:46:33.476Z - [REQUEST]: Responding to the client. project-graph
[NX Daemon Server] - 2024-06-13T11:46:33.477Z - Time taken for 'total for creating and serializing project graph' 840.863083ms
[NX Daemon Server] - 2024-06-13T11:46:33.478Z - Done responding to the client project-graph
[NX Daemon Server] - 2024-06-13T11:46:33.478Z - Handled REQUEST_PROJECT_GRAPH. Handling time: 841. Response time: 2.
[NX Daemon Server] - 2024-06-13T11:46:33.493Z - [REQUEST]: Responding to the client. handleHashTasks
[NX Daemon Server] - 2024-06-13T11:46:33.493Z - Done responding to the client handleHashTasks
[NX Daemon Server] - 2024-06-13T11:46:33.494Z - Handled HASH_TASKS. Handling time: 10. Response time: 1.
[NX Daemon Server] - 2024-06-13T11:46:34.106Z - Established a connection. Number of open connections: 2
[NX Daemon Server] - 2024-06-13T11:46:34.106Z - Closed a connection. Number of open connections: 1
[NX Daemon Server] - 2024-06-13T11:46:34.107Z - Established a connection. Number of open connections: 2
[NX Daemon Server] - 2024-06-13T11:46:34.107Z - [REQUEST]: Client Request for Project Graph Received
[NX Daemon Server] - 2024-06-13T11:46:34.108Z - [REQUEST]: Responding to the client. project-graph
[NX Daemon Server] - 2024-06-13T11:46:34.108Z - Time taken for 'total for creating and serializing project graph' 0.07954199999994671ms
[NX Daemon Server] - 2024-06-13T11:46:34.109Z - Done responding to the client project-graph
[NX Daemon Server] - 2024-06-13T11:46:34.109Z - Handled REQUEST_PROJECT_GRAPH. Handling time: 1. Response time: 1.
[NX Daemon Server] - 2024-06-13T11:46:34.516Z - Established a connection. Number of open connections: 3
[NX Daemon Server] - 2024-06-13T11:46:34.516Z - Closed a connection. Number of open connections: 2
[NX Daemon Server] - 2024-06-13T11:46:34.516Z - Established a connection. Number of open connections: 3
[NX Daemon Server] - 2024-06-13T11:46:34.517Z - [REQUEST]: Client Request for Project Graph Received
[NX Daemon Server] - 2024-06-13T11:46:34.517Z - [REQUEST]: Responding to the client. project-graph
[NX Daemon Server] - 2024-06-13T11:46:34.517Z - Time taken for 'total for creating and serializing project graph' 0.09654199999999946ms
[NX Daemon Server] - 2024-06-13T11:46:34.519Z - Done responding to the client project-graph
[NX Daemon Server] - 2024-06-13T11:46:34.519Z - Handled REQUEST_PROJECT_GRAPH. Handling time: 0. Response time: 2.
[NX Daemon Server] - 2024-06-13T11:46:34.547Z - [REQUEST]: Client Request for Project Graph Received
[NX Daemon Server] - 2024-06-13T11:46:34.547Z - [REQUEST]: Responding to the client. project-graph
[NX Daemon Server] - 2024-06-13T11:46:34.547Z - Time taken for 'total for creating and serializing project graph' 0.16249999999990905ms
[NX Daemon Server] - 2024-06-13T11:46:34.548Z - Done responding to the client project-graph
[NX Daemon Server] - 2024-06-13T11:46:34.548Z - Handled REQUEST_PROJECT_GRAPH. Handling time: 0. Response time: 1.
[NX Daemon Server] - 2024-06-13T11:46:35.187Z - [WATCHER]: Processing file changes in outputs
[NX Daemon Server] - 2024-06-13T11:46:36.479Z - [WATCHER]: Processing file changes in outputs
[NX Daemon Server] - 2024-06-13T11:46:36.678Z - [REQUEST]: Client Request for Project Graph Received
[NX Daemon Server] - 2024-06-13T11:46:36.678Z - [REQUEST]: Responding to the client. project-graph
[NX Daemon Server] - 2024-06-13T11:46:36.679Z - Time taken for 'total for creating and serializing project graph' 0.09187500000007276ms
[NX Daemon Server] - 2024-06-13T11:46:36.682Z - Done responding to the client project-graph
[NX Daemon Server] - 2024-06-13T11:46:36.682Z - Handled REQUEST_PROJECT_GRAPH. Handling time: 0. Response time: 4.
[NX Daemon Server] - 2024-06-13T11:46:36.709Z - [WATCHER]: Processing file changes in outputs
[NX Daemon Server] - 2024-06-13T11:46:39.626Z - [WATCHER]: Processing file changes in outputs
[NX Daemon Server] - 2024-06-13T11:46:40.727Z - [WATCHER]: Processing file changes in outputs
[NX Daemon Server] - 2024-06-13T11:46:40.856Z - [WATCHER]: Processing file changes in outputs
[NX Daemon Server] - 2024-06-13T11:46:42.145Z - [WATCHER]: Processing file changes in outputs
[NX Daemon Server] - 2024-06-13T11:46:42.261Z - [WATCHER]: Processing file changes in outputs
[NX Daemon Server] - 2024-06-13T11:46:42.509Z - [WATCHER]: Processing file changes in outputs
[NX Daemon Server] - 2024-06-13T11:46:43.231Z - [WATCHER]: Processing file changes in outputs
[NX Daemon Server] - 2024-06-13T11:46:43.832Z - [WATCHER]: Processing file changes in outputs
[NX Daemon Server] - 2024-06-13T11:46:43.941Z - [WATCHER]: Processing file changes in outputs
[NX Daemon Server] - 2024-06-13T11:46:44.014Z - [WATCHER]: Processing file changes in outputs
[NX Daemon Server] - 2024-06-13T11:46:44.803Z - [WATCHER]: Processing file changes in outputs
[NX Daemon Server] - 2024-06-13T11:47:43.488Z - [WATCHER]: Processing file changes in outputs
[NX Daemon Server] - 2024-06-13T11:47:43.554Z - [WATCHER]: Processing file changes in outputs
[NX Daemon Server] - 2024-06-13T11:47:43.653Z - [WATCHER]: Processing file changes in outputs
[NX Daemon Server] - 2024-06-13T11:47:45.028Z - [WATCHER]: Processing file changes in outputs
[NX Daemon Server] - 2024-06-13T11:47:45.121Z - [WATCHER]: Processing file changes in outputs
[NX Daemon Server] - 2024-06-13T11:47:45.181Z - [WATCHER]: Processing file changes in outputs
[NX Daemon Server] - 2024-06-13T11:47:45.289Z - [WATCHER]: Processing file changes in outputs
[NX Daemon Server] - 2024-06-13T12:01:00.729Z - [WATCHER]: Processing file changes in outputs
[NX Daemon Server] - 2024-06-13T12:01:00.732Z - [WATCHER]: package.json was modified
[NX Daemon Server] - 2024-06-13T12:01:00.837Z - [REQUEST]: Updated workspace context based on watched changes, recomputing project graph...
[NX Daemon Server] - 2024-06-13T12:01:00.837Z - [REQUEST]: package.json
[NX Daemon Server] - 2024-06-13T12:01:00.837Z - [REQUEST]: 
[NX Daemon Server] - 2024-06-13T12:01:00.945Z - Time taken for 'hash changed files from watcher' 1.3321660000365227ms
[NX Daemon Server] - 2024-06-13T12:01:01.104Z - [WATCHER]: Processing file changes in outputs
[NX Daemon Server] - 2024-06-13T12:01:05.886Z - Closed a connection. Number of open connections: 2
[NX Daemon Server] - 2024-06-13T12:01:05.895Z - Closed a connection. Number of open connections: 1
[NX Daemon Server] - 2024-06-13T12:01:05.897Z - [REQUEST]: Responding to the client. recordOutputsHash
[NX Daemon Server] - 2024-06-13T12:01:05.897Z - Done responding to the client recordOutputsHash
[NX Daemon Server] - 2024-06-13T12:01:05.897Z - Handled RECORD_OUTPUTS_HASH. Handling time: 0. Response time: 0.
[NX Daemon Server] - 2024-06-13T12:01:05.901Z - Closed a connection. Number of open connections: 0
[NX Daemon Server] - 2024-06-13T12:01:05.948Z - [WATCHER]: Processing file changes in outputs
[NX Daemon Server] - 2024-06-13T12:01:06.314Z - Established a connection. Number of open connections: 1
[NX Daemon Server] - 2024-06-13T12:01:06.314Z - Closed a connection. Number of open connections: 0
[NX Daemon Server] - 2024-06-13T12:01:06.314Z - Established a connection. Number of open connections: 1
[NX Daemon Server] - 2024-06-13T12:01:06.315Z - [REQUEST]: Client Request for Project Graph Received
[NX Daemon Server] - 2024-06-13T12:01:06.315Z - [REQUEST]: Responding to the client. project-graph
[NX Daemon Server] - 2024-06-13T12:01:06.315Z - Time taken for 'total for creating and serializing project graph' 0.05400000000372529ms
[NX Daemon Server] - 2024-06-13T12:01:06.316Z - Done responding to the client project-graph
[NX Daemon Server] - 2024-06-13T12:01:06.316Z - Handled REQUEST_PROJECT_GRAPH. Handling time: 0. Response time: 1.
[NX Daemon Server] - 2024-06-13T12:01:06.881Z - Closed a connection. Number of open connections: 0
[NX Daemon Server] - 2024-06-13T12:01:06.939Z - [WATCHER]: Processing file changes in outputs
[NX Daemon Server] - 2024-06-13T12:01:18.014Z - [WATCHER]: _tmp_50077_e4a67d36534244ca2ce1972949612d51 was deleted
[NX Daemon Server] - 2024-06-13T12:01:18.014Z - [WATCHER]: Processing file changes in outputs
[NX Daemon Server] - 2024-06-13T12:01:18.115Z - [REQUEST]: Updated workspace context based on watched changes, recomputing project graph...
[NX Daemon Server] - 2024-06-13T12:01:18.115Z - [REQUEST]: 
[NX Daemon Server] - 2024-06-13T12:01:18.116Z - [REQUEST]: _tmp_50077_e4a67d36534244ca2ce1972949612d51
[NX Daemon Server] - 2024-06-13T12:01:18.165Z - Time taken for 'hash changed files from watcher' 0.25858299992978573ms
[NX Daemon Server] - 2024-06-13T12:01:19.373Z - [WATCHER]: Processing file changes in outputs
[NX Daemon Server] - 2024-06-13T12:01:19.373Z - [WATCHER]: Stopping the watcher for /Users/zpydee/Documents/Github/spwntch/workspace (sources)
[NX Daemon Server] - 2024-06-13T12:01:19.373Z - [WATCHER]: Stopping the watcher for /Users/zpydee/Documents/Github/spwntch/workspace (outputs)
[NX Daemon Server] - 2024-06-13T12:01:19.374Z - Server stopped because: "LOCK_FILES_CHANGED"
[NX Daemon Server] - 2024-06-13T12:01:27.797Z - Started listening on: /var/folders/tc/wk467jc11zqc2dd4mxl2bc1h0000gn/T/2fdebc5bb397ac766608/d.sock
[NX Daemon Server] - 2024-06-13T12:01:27.799Z - [WATCHER]: Subscribed to changes within: /Users/zpydee/Documents/Github/spwntch/workspace (native)
[NX Daemon Server] - 2024-06-13T12:01:27.800Z - Established a connection. Number of open connections: 1
[NX Daemon Server] - 2024-06-13T12:01:27.800Z - Established a connection. Number of open connections: 2
[NX Daemon Server] - 2024-06-13T12:01:27.801Z - Closed a connection. Number of open connections: 1
[NX Daemon Server] - 2024-06-13T12:01:27.802Z - [REQUEST]: Client Request for Project Graph Received
[NX Daemon Server] - 2024-06-13T12:01:27.841Z - [REQUEST]: Updated workspace context based on watched changes, recomputing project graph...
[NX Daemon Server] - 2024-06-13T12:01:27.841Z - [REQUEST]: 
[NX Daemon Server] - 2024-06-13T12:01:27.842Z - [REQUEST]: 
[NX Daemon Server] - 2024-06-13T12:01:28.583Z - [REQUEST]: Responding to the client. project-graph
[NX Daemon Server] - 2024-06-13T12:01:28.583Z - Time taken for 'total for creating and serializing project graph' 781.351708ms
[NX Daemon Server] - 2024-06-13T12:01:28.585Z - Done responding to the client project-graph
[NX Daemon Server] - 2024-06-13T12:01:28.585Z - Handled REQUEST_PROJECT_GRAPH. Handling time: 782. Response time: 2.
[NX Daemon Server] - 2024-06-13T12:01:28.600Z - [REQUEST]: Responding to the client. handleHashTasks
[NX Daemon Server] - 2024-06-13T12:01:28.601Z - Done responding to the client handleHashTasks
[NX Daemon Server] - 2024-06-13T12:01:28.601Z - Handled HASH_TASKS. Handling time: 10. Response time: 1.
[NX Daemon Server] - 2024-06-13T12:01:29.295Z - Established a connection. Number of open connections: 2
[NX Daemon Server] - 2024-06-13T12:01:29.296Z - Closed a connection. Number of open connections: 1
[NX Daemon Server] - 2024-06-13T12:01:29.296Z - Established a connection. Number of open connections: 2
[NX Daemon Server] - 2024-06-13T12:01:29.297Z - [REQUEST]: Client Request for Project Graph Received
[NX Daemon Server] - 2024-06-13T12:01:29.297Z - [REQUEST]: Responding to the client. project-graph
[NX Daemon Server] - 2024-06-13T12:01:29.297Z - Time taken for 'total for creating and serializing project graph' 0.06258299999990413ms
[NX Daemon Server] - 2024-06-13T12:01:29.298Z - Done responding to the client project-graph
[NX Daemon Server] - 2024-06-13T12:01:29.299Z - Handled REQUEST_PROJECT_GRAPH. Handling time: 0. Response time: 2.
[NX Daemon Server] - 2024-06-13T12:01:29.718Z - Established a connection. Number of open connections: 3
[NX Daemon Server] - 2024-06-13T12:01:29.718Z - Closed a connection. Number of open connections: 2
[NX Daemon Server] - 2024-06-13T12:01:29.718Z - Established a connection. Number of open connections: 3
[NX Daemon Server] - 2024-06-13T12:01:29.719Z - [REQUEST]: Client Request for Project Graph Received
[NX Daemon Server] - 2024-06-13T12:01:29.719Z - [REQUEST]: Responding to the client. project-graph
[NX Daemon Server] - 2024-06-13T12:01:29.719Z - Time taken for 'total for creating and serializing project graph' 0.1043329999999969ms
[NX Daemon Server] - 2024-06-13T12:01:29.720Z - Done responding to the client project-graph
[NX Daemon Server] - 2024-06-13T12:01:29.720Z - Handled REQUEST_PROJECT_GRAPH. Handling time: 0. Response time: 1.
[NX Daemon Server] - 2024-06-13T12:01:29.748Z - [REQUEST]: Client Request for Project Graph Received
[NX Daemon Server] - 2024-06-13T12:01:29.748Z - [REQUEST]: Responding to the client. project-graph
[NX Daemon Server] - 2024-06-13T12:01:29.749Z - Time taken for 'total for creating and serializing project graph' 0.13429200000018682ms
[NX Daemon Server] - 2024-06-13T12:01:29.750Z - Done responding to the client project-graph
[NX Daemon Server] - 2024-06-13T12:01:29.750Z - Handled REQUEST_PROJECT_GRAPH. Handling time: 0. Response time: 2.
[NX Daemon Server] - 2024-06-13T12:01:33.176Z - [WATCHER]: Processing file changes in outputs
[NX Daemon Server] - 2024-06-13T12:01:34.477Z - [WATCHER]: Processing file changes in outputs
[NX Daemon Server] - 2024-06-13T12:01:34.685Z - [REQUEST]: Client Request for Project Graph Received
[NX Daemon Server] - 2024-06-13T12:01:34.685Z - [REQUEST]: Responding to the client. project-graph
[NX Daemon Server] - 2024-06-13T12:01:34.685Z - Time taken for 'total for creating and serializing project graph' 0.11599999999998545ms
[NX Daemon Server] - 2024-06-13T12:01:34.688Z - Done responding to the client project-graph
[NX Daemon Server] - 2024-06-13T12:01:34.689Z - Handled REQUEST_PROJECT_GRAPH. Handling time: 0. Response time: 4.
[NX Daemon Server] - 2024-06-13T12:01:34.714Z - [WATCHER]: Processing file changes in outputs
[NX Daemon Server] - 2024-06-13T12:01:36.208Z - [WATCHER]: Processing file changes in outputs
[NX Daemon Server] - 2024-06-13T12:01:53.986Z - [WATCHER]: Processing file changes in outputs
[NX Daemon Server] - 2024-06-13T12:01:57.175Z - [WATCHER]: Processing file changes in outputs
[NX Daemon Server] - 2024-06-13T12:01:58.009Z - [WATCHER]: Processing file changes in outputs
[NX Daemon Server] - 2024-06-13T12:01:58.252Z - [WATCHER]: Processing file changes in outputs
[NX Daemon Server] - 2024-06-13T12:01:58.306Z - [WATCHER]: Processing file changes in outputs
[NX Daemon Server] - 2024-06-13T12:01:58.858Z - [WATCHER]: Processing file changes in outputs
[NX Daemon Server] - 2024-06-13T12:01:59.480Z - [WATCHER]: Processing file changes in outputs
[NX Daemon Server] - 2024-06-13T12:01:59.698Z - [WATCHER]: Processing file changes in outputs
[NX Daemon Server] - 2024-06-13T12:02:00.040Z - [WATCHER]: Processing file changes in outputs
[NX Daemon Server] - 2024-06-13T12:02:00.352Z - [WATCHER]: Processing file changes in outputs
[NX Daemon Server] - 2024-06-13T12:02:59.543Z - [WATCHER]: Processing file changes in outputs
[NX Daemon Server] - 2024-06-13T12:02:59.910Z - [WATCHER]: Processing file changes in outputs
[NX Daemon Server] - 2024-06-13T12:02:59.970Z - [WATCHER]: Processing file changes in outputs
[NX Daemon Server] - 2024-06-13T12:03:00.022Z - [WATCHER]: Processing file changes in outputs
[NX Daemon Server] - 2024-06-13T12:03:00.371Z - [WATCHER]: Processing file changes in outputs
[NX Daemon Server] - 2024-06-13T12:03:00.504Z - [WATCHER]: Processing file changes in outputs
[NX Daemon Server] - 2024-06-13T12:03:00.614Z - [WATCHER]: Processing file changes in outputs
[NX Daemon Server] - 2024-06-13T12:03:23.495Z - Closed a connection. Number of open connections: 2
[NX Daemon Server] - 2024-06-13T12:03:23.503Z - Closed a connection. Number of open connections: 1
[NX Daemon Server] - 2024-06-13T12:03:23.505Z - [REQUEST]: Responding to the client. recordOutputsHash
[NX Daemon Server] - 2024-06-13T12:03:23.506Z - Done responding to the client recordOutputsHash
[NX Daemon Server] - 2024-06-13T12:03:23.506Z - Handled RECORD_OUTPUTS_HASH. Handling time: 0. Response time: 1.
[NX Daemon Server] - 2024-06-13T12:03:23.509Z - Closed a connection. Number of open connections: 0
[NX Daemon Server] - 2024-06-13T12:03:23.560Z - [WATCHER]: Processing file changes in outputs
[NX Daemon Server] - 2024-06-13T12:03:23.880Z - Established a connection. Number of open connections: 1
[NX Daemon Server] - 2024-06-13T12:03:23.881Z - Closed a connection. Number of open connections: 0
[NX Daemon Server] - 2024-06-13T12:03:23.881Z - Established a connection. Number of open connections: 1
[NX Daemon Server] - 2024-06-13T12:03:23.882Z - [REQUEST]: Client Request for Project Graph Received
[NX Daemon Server] - 2024-06-13T12:03:23.882Z - [REQUEST]: Responding to the client. project-graph
[NX Daemon Server] - 2024-06-13T12:03:23.882Z - Time taken for 'total for creating and serializing project graph' 0.0922500000015134ms
[NX Daemon Server] - 2024-06-13T12:03:23.883Z - Done responding to the client project-graph
[NX Daemon Server] - 2024-06-13T12:03:23.883Z - Handled REQUEST_PROJECT_GRAPH. Handling time: 0. Response time: 1.
[NX Daemon Server] - 2024-06-13T12:03:24.354Z - Closed a connection. Number of open connections: 0
[NX Daemon Server] - 2024-06-13T12:03:24.414Z - [WATCHER]: Processing file changes in outputs
[NX Daemon Server] - 2024-06-13T12:08:15.786Z - [WATCHER]: Processing file changes in outputs
[NX Daemon Server] - 2024-06-13T12:08:15.790Z - [WATCHER]: Stopping the watcher for /Users/zpydee/Documents/Github/spwntch/workspace (sources)
[NX Daemon Server] - 2024-06-13T12:08:15.790Z - [WATCHER]: Stopping the watcher for /Users/zpydee/Documents/Github/spwntch/workspace (outputs)
[NX Daemon Server] - 2024-06-13T12:08:15.790Z - Server stopped because: "LOCK_FILES_CHANGED"
[NX Daemon Server] - 2024-06-13T12:09:06.240Z - Started listening on: /var/folders/tc/wk467jc11zqc2dd4mxl2bc1h0000gn/T/2fdebc5bb397ac766608/d.sock
[NX Daemon Server] - 2024-06-13T12:09:06.241Z - [WATCHER]: Subscribed to changes within: /Users/zpydee/Documents/Github/spwntch/workspace (native)
[NX Daemon Server] - 2024-06-13T12:09:06.250Z - Established a connection. Number of open connections: 1
[NX Daemon Server] - 2024-06-13T12:09:06.251Z - Established a connection. Number of open connections: 2
[NX Daemon Server] - 2024-06-13T12:09:06.252Z - Closed a connection. Number of open connections: 1
[NX Daemon Server] - 2024-06-13T12:09:06.252Z - [REQUEST]: Client Request for Project Graph Received
[NX Daemon Server] - 2024-06-13T12:09:06.305Z - [REQUEST]: Updated workspace context based on watched changes, recomputing project graph...
[NX Daemon Server] - 2024-06-13T12:09:06.305Z - [REQUEST]: 
[NX Daemon Server] - 2024-06-13T12:09:06.305Z - [REQUEST]: 
[NX Daemon Server] - 2024-06-13T12:09:07.028Z - [REQUEST]: Responding to the client. project-graph
[NX Daemon Server] - 2024-06-13T12:09:07.028Z - Time taken for 'total for creating and serializing project graph' 775.78775ms
[NX Daemon Server] - 2024-06-13T12:09:07.030Z - Done responding to the client project-graph
[NX Daemon Server] - 2024-06-13T12:09:07.030Z - Handled REQUEST_PROJECT_GRAPH. Handling time: 776. Response time: 2.
[NX Daemon Server] - 2024-06-13T12:09:07.044Z - [REQUEST]: Responding to the client. handleHashTasks
[NX Daemon Server] - 2024-06-13T12:09:07.045Z - Done responding to the client handleHashTasks
[NX Daemon Server] - 2024-06-13T12:09:07.045Z - Handled HASH_TASKS. Handling time: 9. Response time: 1.
[NX Daemon Server] - 2024-06-13T12:09:07.665Z - Established a connection. Number of open connections: 2
[NX Daemon Server] - 2024-06-13T12:09:07.666Z - Closed a connection. Number of open connections: 1
[NX Daemon Server] - 2024-06-13T12:09:07.666Z - Established a connection. Number of open connections: 2
[NX Daemon Server] - 2024-06-13T12:09:07.667Z - [REQUEST]: Client Request for Project Graph Received
[NX Daemon Server] - 2024-06-13T12:09:07.667Z - [REQUEST]: Responding to the client. project-graph
[NX Daemon Server] - 2024-06-13T12:09:07.667Z - Time taken for 'total for creating and serializing project graph' 0.06991699999980483ms
[NX Daemon Server] - 2024-06-13T12:09:07.668Z - Done responding to the client project-graph
[NX Daemon Server] - 2024-06-13T12:09:07.669Z - Handled REQUEST_PROJECT_GRAPH. Handling time: 0. Response time: 1.
[NX Daemon Server] - 2024-06-13T12:09:08.058Z - Established a connection. Number of open connections: 3
[NX Daemon Server] - 2024-06-13T12:09:08.058Z - Closed a connection. Number of open connections: 2
[NX Daemon Server] - 2024-06-13T12:09:08.058Z - Established a connection. Number of open connections: 3
[NX Daemon Server] - 2024-06-13T12:09:08.059Z - [REQUEST]: Client Request for Project Graph Received
[NX Daemon Server] - 2024-06-13T12:09:08.059Z - [REQUEST]: Responding to the client. project-graph
[NX Daemon Server] - 2024-06-13T12:09:08.059Z - Time taken for 'total for creating and serializing project graph' 0.09220900000013899ms
[NX Daemon Server] - 2024-06-13T12:09:08.061Z - Done responding to the client project-graph
[NX Daemon Server] - 2024-06-13T12:09:08.061Z - Handled REQUEST_PROJECT_GRAPH. Handling time: 0. Response time: 2.
[NX Daemon Server] - 2024-06-13T12:09:08.089Z - [REQUEST]: Client Request for Project Graph Received
[NX Daemon Server] - 2024-06-13T12:09:08.089Z - [REQUEST]: Responding to the client. project-graph
[NX Daemon Server] - 2024-06-13T12:09:08.090Z - Time taken for 'total for creating and serializing project graph' 0.1623340000001008ms
[NX Daemon Server] - 2024-06-13T12:09:08.090Z - Done responding to the client project-graph
[NX Daemon Server] - 2024-06-13T12:09:08.090Z - Handled REQUEST_PROJECT_GRAPH. Handling time: 0. Response time: 1.
[NX Daemon Server] - 2024-06-13T12:09:11.186Z - [WATCHER]: Processing file changes in outputs
[NX Daemon Server] - 2024-06-13T12:09:13.424Z - [WATCHER]: Processing file changes in outputs
[NX Daemon Server] - 2024-06-13T12:09:13.623Z - [REQUEST]: Client Request for Project Graph Received
[NX Daemon Server] - 2024-06-13T12:09:13.623Z - [REQUEST]: Responding to the client. project-graph
[NX Daemon Server] - 2024-06-13T12:09:13.624Z - Time taken for 'total for creating and serializing project graph' 0.1297920000006343ms
[NX Daemon Server] - 2024-06-13T12:09:13.628Z - Done responding to the client project-graph
[NX Daemon Server] - 2024-06-13T12:09:13.628Z - Handled REQUEST_PROJECT_GRAPH. Handling time: 0. Response time: 5.
[NX Daemon Server] - 2024-06-13T12:09:13.653Z - [WATCHER]: Processing file changes in outputs
[NX Daemon Server] - 2024-06-13T12:09:22.154Z - [WATCHER]: Processing file changes in outputs
[NX Daemon Server] - 2024-06-13T12:09:23.705Z - [WATCHER]: Processing file changes in outputs
[NX Daemon Server] - 2024-06-13T12:09:24.058Z - [WATCHER]: Processing file changes in outputs
[NX Daemon Server] - 2024-06-13T12:09:25.221Z - [WATCHER]: Processing file changes in outputs
[NX Daemon Server] - 2024-06-13T12:09:25.294Z - [WATCHER]: Processing file changes in outputs
[NX Daemon Server] - 2024-06-13T12:09:25.367Z - [WATCHER]: Processing file changes in outputs
[NX Daemon Server] - 2024-06-13T12:09:25.483Z - [WATCHER]: Processing file changes in outputs
[NX Daemon Server] - 2024-06-13T12:09:25.613Z - [WATCHER]: Processing file changes in outputs
[NX Daemon Server] - 2024-06-13T12:09:26.322Z - [WATCHER]: Processing file changes in outputs
[NX Daemon Server] - 2024-06-13T12:09:26.484Z - [WATCHER]: Processing file changes in outputs
[NX Daemon Server] - 2024-06-13T12:09:26.578Z - [WATCHER]: Processing file changes in outputs
[NX Daemon Server] - 2024-06-13T12:11:27.773Z - [WATCHER]: apps/spawntech-io/src/app/global.css was modified
[NX Daemon Server] - 2024-06-13T12:11:27.773Z - [WATCHER]: Processing file changes in outputs
[NX Daemon Server] - 2024-06-13T12:11:27.875Z - [REQUEST]: Updated workspace context based on watched changes, recomputing project graph...
[NX Daemon Server] - 2024-06-13T12:11:27.875Z - [REQUEST]: apps/spawntech-io/src/app/global.css
[NX Daemon Server] - 2024-06-13T12:11:27.875Z - [REQUEST]: 
[NX Daemon Server] - 2024-06-13T12:11:28.392Z - [WATCHER]: Processing file changes in outputs
[NX Daemon Server] - 2024-06-13T12:11:28.392Z - [WATCHER]: Processing file changes in outputs
[NX Daemon Server] - 2024-06-13T12:11:28.393Z - Time taken for 'hash changed files from watcher' 0.27333399999770336ms
[NX Daemon Server] - 2024-06-13T12:11:28.893Z - [WATCHER]: apps/spawntech-io/src/app/global.css was modified
[NX Daemon Server] - 2024-06-13T12:11:28.893Z - [WATCHER]: Processing file changes in outputs
[NX Daemon Server] - 2024-06-13T12:11:29.005Z - [WATCHER]: Processing file changes in outputs
[NX Daemon Server] - 2024-06-13T12:11:29.095Z - [REQUEST]: Updated workspace context based on watched changes, recomputing project graph...
[NX Daemon Server] - 2024-06-13T12:11:29.095Z - [REQUEST]: apps/spawntech-io/src/app/global.css
[NX Daemon Server] - 2024-06-13T12:11:29.095Z - [REQUEST]: 
[NX Daemon Server] - 2024-06-13T12:11:29.136Z - Time taken for 'hash changed files from watcher' 0.22716700000455603ms
[NX Daemon Server] - 2024-06-13T12:11:29.203Z - [WATCHER]: Processing file changes in outputs
[NX Daemon Server] - 2024-06-13T12:11:31.908Z - [WATCHER]: apps/spawntech-io/src/app/global.css was modified
[NX Daemon Server] - 2024-06-13T12:11:31.908Z - [WATCHER]: Processing file changes in outputs
[NX Daemon Server] - 2024-06-13T12:11:32.022Z - [WATCHER]: Processing file changes in outputs
[NX Daemon Server] - 2024-06-13T12:11:32.244Z - [WATCHER]: Processing file changes in outputs
[NX Daemon Server] - 2024-06-13T12:11:32.310Z - [REQUEST]: Updated workspace context based on watched changes, recomputing project graph...
[NX Daemon Server] - 2024-06-13T12:11:32.310Z - [REQUEST]: apps/spawntech-io/src/app/global.css
[NX Daemon Server] - 2024-06-13T12:11:32.310Z - [REQUEST]: 
[NX Daemon Server] - 2024-06-13T12:11:32.347Z - Time taken for 'hash changed files from watcher' 0.24258299998473376ms
[NX Daemon Server] - 2024-06-13T12:11:34.904Z - [WATCHER]: apps/spawntech-io/src/app/global.css was modified
[NX Daemon Server] - 2024-06-13T12:11:34.904Z - [WATCHER]: Processing file changes in outputs
[NX Daemon Server] - 2024-06-13T12:11:35.166Z - [WATCHER]: Processing file changes in outputs
[NX Daemon Server] - 2024-06-13T12:11:35.706Z - [REQUEST]: Updated workspace context based on watched changes, recomputing project graph...
[NX Daemon Server] - 2024-06-13T12:11:35.706Z - [REQUEST]: apps/spawntech-io/src/app/global.css
[NX Daemon Server] - 2024-06-13T12:11:35.706Z - [REQUEST]: 
[NX Daemon Server] - 2024-06-13T12:11:35.742Z - Time taken for 'hash changed files from watcher' 0.21691599997575395ms
[NX Daemon Server] - 2024-06-13T12:11:35.824Z - [WATCHER]: Processing file changes in outputs
[NX Daemon Server] - 2024-06-13T12:11:36.254Z - [WATCHER]: Processing file changes in outputs
[NX Daemon Server] - 2024-06-13T12:11:37.813Z - [WATCHER]: Processing file changes in outputs
[NX Daemon Server] - 2024-06-13T12:11:38.085Z - [WATCHER]: Processing file changes in outputs
[NX Daemon Server] - 2024-06-13T12:11:39.832Z - [WATCHER]: apps/spawntech-io/src/app/global.css was modified
[NX Daemon Server] - 2024-06-13T12:11:39.833Z - [WATCHER]: Processing file changes in outputs
[NX Daemon Server] - 2024-06-13T12:11:39.960Z - [WATCHER]: Processing file changes in outputs
[NX Daemon Server] - 2024-06-13T12:11:41.435Z - [REQUEST]: Updated workspace context based on watched changes, recomputing project graph...
[NX Daemon Server] - 2024-06-13T12:11:41.436Z - [REQUEST]: apps/spawntech-io/src/app/global.css
[NX Daemon Server] - 2024-06-13T12:11:41.436Z - [REQUEST]: 
[NX Daemon Server] - 2024-06-13T12:11:41.493Z - Time taken for 'hash changed files from watcher' 1.1192499999888241ms
[NX Daemon Server] - 2024-06-13T12:11:47.238Z - [WATCHER]: apps/spawntech-io/src/app/global.css was modified
[NX Daemon Server] - 2024-06-13T12:11:47.238Z - [WATCHER]: Processing file changes in outputs
[NX Daemon Server] - 2024-06-13T12:11:47.348Z - [WATCHER]: Processing file changes in outputs
[NX Daemon Server] - 2024-06-13T12:11:50.440Z - [REQUEST]: Updated workspace context based on watched changes, recomputing project graph...
[NX Daemon Server] - 2024-06-13T12:11:50.441Z - [REQUEST]: apps/spawntech-io/src/app/global.css
[NX Daemon Server] - 2024-06-13T12:11:50.441Z - [REQUEST]: 
[NX Daemon Server] - 2024-06-13T12:11:50.501Z - Time taken for 'hash changed files from watcher' 0.6630420000001322ms
[NX Daemon Server] - 2024-06-13T12:11:59.745Z - [WATCHER]: apps/spawntech-io/src/app/global.css was modified
[NX Daemon Server] - 2024-06-13T12:11:59.746Z - [WATCHER]: Processing file changes in outputs
[NX Daemon Server] - 2024-06-13T12:12:00.070Z - [WATCHER]: Processing file changes in outputs
[NX Daemon Server] - 2024-06-13T12:12:00.169Z - [WATCHER]: Processing file changes in outputs
[NX Daemon Server] - 2024-06-13T12:12:00.295Z - [WATCHER]: Processing file changes in outputs
[NX Daemon Server] - 2024-06-13T12:12:00.385Z - [WATCHER]: Processing file changes in outputs
[NX Daemon Server] - 2024-06-13T12:12:00.492Z - [WATCHER]: Processing file changes in outputs
[NX Daemon Server] - 2024-06-13T12:12:02.580Z - [WATCHER]: apps/spawntech-io/src/app/global.css was modified
[NX Daemon Server] - 2024-06-13T12:12:02.580Z - [WATCHER]: Processing file changes in outputs
[NX Daemon Server] - 2024-06-13T12:12:02.873Z - [WATCHER]: Processing file changes in outputs
[NX Daemon Server] - 2024-06-13T12:12:06.148Z - [REQUEST]: Updated workspace context based on watched changes, recomputing project graph...
[NX Daemon Server] - 2024-06-13T12:12:06.148Z - [REQUEST]: apps/spawntech-io/src/app/global.css
[NX Daemon Server] - 2024-06-13T12:12:06.148Z - [REQUEST]: 
[NX Daemon Server] - 2024-06-13T12:12:06.194Z - Time taken for 'hash changed files from watcher' 1.1012920000066515ms
[NX Daemon Server] - 2024-06-13T12:12:09.579Z - [WATCHER]: apps/spawntech-io/src/app/global.css was modified
[NX Daemon Server] - 2024-06-13T12:12:09.579Z - [WATCHER]: Processing file changes in outputs
[NX Daemon Server] - 2024-06-13T12:12:09.709Z - [WATCHER]: Processing file changes in outputs
[NX Daemon Server] - 2024-06-13T12:12:09.982Z - [WATCHER]: Processing file changes in outputs
[NX Daemon Server] - 2024-06-13T12:12:15.981Z - [REQUEST]: Updated workspace context based on watched changes, recomputing project graph...
[NX Daemon Server] - 2024-06-13T12:12:15.983Z - [REQUEST]: apps/spawntech-io/src/app/global.css
[NX Daemon Server] - 2024-06-13T12:12:15.983Z - [REQUEST]: 
[NX Daemon Server] - 2024-06-13T12:12:16.042Z - Time taken for 'hash changed files from watcher' 0.9937500000232831ms
[NX Daemon Server] - 2024-06-13T12:12:23.956Z - [WATCHER]: apps/spawntech-io/src/app/global.css was modified
[NX Daemon Server] - 2024-06-13T12:12:23.956Z - [WATCHER]: Processing file changes in outputs
[NX Daemon Server] - 2024-06-13T12:12:24.166Z - [WATCHER]: Processing file changes in outputs
[NX Daemon Server] - 2024-06-13T12:12:24.320Z - [WATCHER]: Processing file changes in outputs
[NX Daemon Server] - 2024-06-13T12:12:27.307Z - [WATCHER]: apps/spawntech-io/src/app/global.css was modified
[NX Daemon Server] - 2024-06-13T12:12:27.307Z - [WATCHER]: Processing file changes in outputs
[NX Daemon Server] - 2024-06-13T12:12:27.427Z - [WATCHER]: Processing file changes in outputs
[NX Daemon Server] - 2024-06-13T12:12:27.595Z - [WATCHER]: Processing file changes in outputs
[NX Daemon Server] - 2024-06-13T12:12:30.358Z - [REQUEST]: Updated workspace context based on watched changes, recomputing project graph...
[NX Daemon Server] - 2024-06-13T12:12:30.359Z - [REQUEST]: apps/spawntech-io/src/app/global.css
[NX Daemon Server] - 2024-06-13T12:12:30.359Z - [REQUEST]: 
[NX Daemon Server] - 2024-06-13T12:12:30.417Z - Time taken for 'hash changed files from watcher' 0.8160419999912847ms
[NX Daemon Server] - 2024-06-13T12:12:32.035Z - [WATCHER]: apps/spawntech-io/src/app/global.css was modified
[NX Daemon Server] - 2024-06-13T12:12:32.036Z - [WATCHER]: Processing file changes in outputs
[NX Daemon Server] - 2024-06-13T12:12:32.174Z - [WATCHER]: Processing file changes in outputs
[NX Daemon Server] - 2024-06-13T12:12:32.336Z - [WATCHER]: Processing file changes in outputs
[NX Daemon Server] - 2024-06-13T12:12:38.154Z - [WATCHER]: apps/spawntech-io/src/app/global.css was modified
[NX Daemon Server] - 2024-06-13T12:12:38.155Z - [WATCHER]: Processing file changes in outputs
[NX Daemon Server] - 2024-06-13T12:12:38.362Z - [WATCHER]: Processing file changes in outputs
[NX Daemon Server] - 2024-06-13T12:12:38.437Z - [REQUEST]: Updated workspace context based on watched changes, recomputing project graph...
[NX Daemon Server] - 2024-06-13T12:12:38.437Z - [REQUEST]: apps/spawntech-io/src/app/global.css
[NX Daemon Server] - 2024-06-13T12:12:38.437Z - [REQUEST]: 
[NX Daemon Server] - 2024-06-13T12:12:38.480Z - [WATCHER]: Processing file changes in outputs
[NX Daemon Server] - 2024-06-13T12:12:38.481Z - Time taken for 'hash changed files from watcher' 0.19395800001802854ms
[NX Daemon Server] - 2024-06-13T12:12:43.888Z - [WATCHER]: apps/spawntech-io/src/app/global.css was modified
[NX Daemon Server] - 2024-06-13T12:12:43.889Z - [WATCHER]: Processing file changes in outputs
[NX Daemon Server] - 2024-06-13T12:12:44.078Z - [WATCHER]: Processing file changes in outputs
[NX Daemon Server] - 2024-06-13T12:12:44.173Z - [WATCHER]: Processing file changes in outputs
[NX Daemon Server] - 2024-06-13T12:12:47.493Z - [WATCHER]: apps/spawntech-io/src/app/global.css was modified
[NX Daemon Server] - 2024-06-13T12:12:47.493Z - [WATCHER]: Processing file changes in outputs
[NX Daemon Server] - 2024-06-13T12:12:47.646Z - [WATCHER]: Processing file changes in outputs
[NX Daemon Server] - 2024-06-13T12:12:47.838Z - [WATCHER]: Processing file changes in outputs
[NX Daemon Server] - 2024-06-13T12:12:50.292Z - [REQUEST]: Updated workspace context based on watched changes, recomputing project graph...
[NX Daemon Server] - 2024-06-13T12:12:50.293Z - [REQUEST]: apps/spawntech-io/src/app/global.css
[NX Daemon Server] - 2024-06-13T12:12:50.293Z - [REQUEST]: 
[NX Daemon Server] - 2024-06-13T12:12:50.346Z - Time taken for 'hash changed files from watcher' 1.099541000003228ms
[NX Daemon Server] - 2024-06-13T12:12:51.634Z - [WATCHER]: apps/spawntech-io/src/app/global.css was modified
[NX Daemon Server] - 2024-06-13T12:12:51.634Z - [WATCHER]: Processing file changes in outputs
[NX Daemon Server] - 2024-06-13T12:12:51.812Z - [WATCHER]: Processing file changes in outputs
[NX Daemon Server] - 2024-06-13T12:12:51.902Z - [WATCHER]: Processing file changes in outputs
[NX Daemon Server] - 2024-06-13T12:12:54.403Z - [WATCHER]: apps/spawntech-io/src/app/global.css was modified
[NX Daemon Server] - 2024-06-13T12:12:54.403Z - [WATCHER]: Processing file changes in outputs
[NX Daemon Server] - 2024-06-13T12:12:54.517Z - [WATCHER]: Processing file changes in outputs
[NX Daemon Server] - 2024-06-13T12:12:54.669Z - [WATCHER]: Processing file changes in outputs
[NX Daemon Server] - 2024-06-13T12:12:58.036Z - [REQUEST]: Updated workspace context based on watched changes, recomputing project graph...
[NX Daemon Server] - 2024-06-13T12:12:58.037Z - [REQUEST]: apps/spawntech-io/src/app/global.css
[NX Daemon Server] - 2024-06-13T12:12:58.037Z - [REQUEST]: 
[NX Daemon Server] - 2024-06-13T12:12:58.084Z - Time taken for 'hash changed files from watcher' 0.9907500000263099ms
[NX Daemon Server] - 2024-06-13T12:13:54.646Z - [WATCHER]: Processing file changes in outputs
[NX Daemon Server] - 2024-06-13T12:13:54.912Z - [WATCHER]: Processing file changes in outputs
[NX Daemon Server] - 2024-06-13T12:13:55.007Z - [WATCHER]: Processing file changes in outputs
[NX Daemon Server] - 2024-06-13T12:13:55.060Z - [WATCHER]: Processing file changes in outputs
[NX Daemon Server] - 2024-06-13T12:13:55.127Z - [WATCHER]: Processing file changes in outputs
[NX Daemon Server] - 2024-06-13T12:13:55.252Z - [WATCHER]: Processing file changes in outputs
[NX Daemon Server] - 2024-06-13T12:14:14.241Z - Closed a connection. Number of open connections: 2
[NX Daemon Server] - 2024-06-13T12:14:14.249Z - Closed a connection. Number of open connections: 1
[NX Daemon Server] - 2024-06-13T12:14:14.253Z - [REQUEST]: Responding to the client. recordOutputsHash
[NX Daemon Server] - 2024-06-13T12:14:14.253Z - Done responding to the client recordOutputsHash
[NX Daemon Server] - 2024-06-13T12:14:14.253Z - Handled RECORD_OUTPUTS_HASH. Handling time: 1. Response time: 0.
[NX Daemon Server] - 2024-06-13T12:14:14.257Z - Closed a connection. Number of open connections: 0
[NX Daemon Server] - 2024-06-13T12:14:14.304Z - [WATCHER]: Processing file changes in outputs
[NX Daemon Server] - 2024-06-13T12:14:14.630Z - Established a connection. Number of open connections: 1
[NX Daemon Server] - 2024-06-13T12:14:14.630Z - Established a connection. Number of open connections: 2
[NX Daemon Server] - 2024-06-13T12:14:14.630Z - Closed a connection. Number of open connections: 1
[NX Daemon Server] - 2024-06-13T12:14:14.631Z - [REQUEST]: Client Request for Project Graph Received
[NX Daemon Server] - 2024-06-13T12:14:14.631Z - [REQUEST]: Responding to the client. project-graph
[NX Daemon Server] - 2024-06-13T12:14:14.632Z - Time taken for 'total for creating and serializing project graph' 0.23579200002131984ms
[NX Daemon Server] - 2024-06-13T12:14:14.633Z - Done responding to the client project-graph
[NX Daemon Server] - 2024-06-13T12:14:14.633Z - Handled REQUEST_PROJECT_GRAPH. Handling time: 0. Response time: 2.
[NX Daemon Server] - 2024-06-13T12:14:15.108Z - Closed a connection. Number of open connections: 0
[NX Daemon Server] - 2024-06-13T12:14:15.166Z - [WATCHER]: Processing file changes in outputs
[NX Daemon Server] - 2024-06-13T12:14:30.915Z - [WATCHER]: Processing file changes in outputs
[NX Daemon Server] - 2024-06-13T12:14:30.915Z - [WATCHER]: Stopping the watcher for /Users/zpydee/Documents/Github/spwntch/workspace (sources)
[NX Daemon Server] - 2024-06-13T12:14:30.915Z - [WATCHER]: Stopping the watcher for /Users/zpydee/Documents/Github/spwntch/workspace (outputs)
[NX Daemon Server] - 2024-06-13T12:14:30.915Z - Server stopped because: "NX_VERSION_CHANGED"
[NX Daemon Server] - 2024-06-13T12:28:37.065Z - Started listening on: /var/folders/tc/wk467jc11zqc2dd4mxl2bc1h0000gn/T/2fdebc5bb397ac766608/d.sock
[NX Daemon Server] - 2024-06-13T12:28:37.068Z - [WATCHER]: Subscribed to changes within: /Users/zpydee/Documents/Github/spwntch/workspace (native)
[NX Daemon Server] - 2024-06-13T12:28:37.070Z - Established a connection. Number of open connections: 1
[NX Daemon Server] - 2024-06-13T12:28:37.070Z - Established a connection. Number of open connections: 2
[NX Daemon Server] - 2024-06-13T12:28:37.071Z - Closed a connection. Number of open connections: 1
[NX Daemon Server] - 2024-06-13T12:28:37.071Z - [REQUEST]: Client Request for Project Graph Received
[NX Daemon Server] - 2024-06-13T12:28:37.140Z - [REQUEST]: Updated workspace context based on watched changes, recomputing project graph...
[NX Daemon Server] - 2024-06-13T12:28:37.140Z - [REQUEST]: 
[NX Daemon Server] - 2024-06-13T12:28:37.140Z - [REQUEST]: 
[NX Daemon Server] - 2024-06-13T12:28:38.440Z - [REQUEST]: Responding to the client. project-graph
[NX Daemon Server] - 2024-06-13T12:28:38.441Z - Time taken for 'total for creating and serializing project graph' 1368.834292ms
[NX Daemon Server] - 2024-06-13T12:28:38.450Z - Done responding to the client project-graph
[NX Daemon Server] - 2024-06-13T12:28:38.450Z - Handled REQUEST_PROJECT_GRAPH. Handling time: 1369. Response time: 10.
[NX Daemon Server] - 2024-06-13T12:28:38.467Z - [REQUEST]: Responding to the client. handleHashTasks
[NX Daemon Server] - 2024-06-13T12:28:38.470Z - Done responding to the client handleHashTasks
[NX Daemon Server] - 2024-06-13T12:28:38.470Z - Handled HASH_TASKS. Handling time: 12. Response time: 3.
[NX Daemon Server] - 2024-06-13T12:28:39.112Z - Established a connection. Number of open connections: 2
[NX Daemon Server] - 2024-06-13T12:28:39.112Z - Closed a connection. Number of open connections: 1
[NX Daemon Server] - 2024-06-13T12:28:39.113Z - Established a connection. Number of open connections: 2
[NX Daemon Server] - 2024-06-13T12:28:39.114Z - [REQUEST]: Client Request for Project Graph Received
[NX Daemon Server] - 2024-06-13T12:28:39.114Z - [REQUEST]: Responding to the client. project-graph
[NX Daemon Server] - 2024-06-13T12:28:39.114Z - Time taken for 'total for creating and serializing project graph' 0.08550000000013824ms
[NX Daemon Server] - 2024-06-13T12:28:39.115Z - Done responding to the client project-graph
[NX Daemon Server] - 2024-06-13T12:28:39.115Z - Handled REQUEST_PROJECT_GRAPH. Handling time: 0. Response time: 1.
[NX Daemon Server] - 2024-06-13T12:28:39.548Z - Established a connection. Number of open connections: 3
[NX Daemon Server] - 2024-06-13T12:28:39.548Z - Closed a connection. Number of open connections: 2
[NX Daemon Server] - 2024-06-13T12:28:39.549Z - Established a connection. Number of open connections: 3
[NX Daemon Server] - 2024-06-13T12:28:39.549Z - [REQUEST]: Client Request for Project Graph Received
[NX Daemon Server] - 2024-06-13T12:28:39.549Z - [REQUEST]: Responding to the client. project-graph
[NX Daemon Server] - 2024-06-13T12:28:39.550Z - Time taken for 'total for creating and serializing project graph' 0.05320800000026793ms
[NX Daemon Server] - 2024-06-13T12:28:39.551Z - Done responding to the client project-graph
[NX Daemon Server] - 2024-06-13T12:28:39.551Z - Handled REQUEST_PROJECT_GRAPH. Handling time: 0. Response time: 2.
[NX Daemon Server] - 2024-06-13T12:28:39.579Z - [REQUEST]: Client Request for Project Graph Received
[NX Daemon Server] - 2024-06-13T12:28:39.579Z - [REQUEST]: Responding to the client. project-graph
[NX Daemon Server] - 2024-06-13T12:28:39.579Z - Time taken for 'total for creating and serializing project graph' 0.16487499999993815ms
[NX Daemon Server] - 2024-06-13T12:28:39.580Z - Done responding to the client project-graph
[NX Daemon Server] - 2024-06-13T12:28:39.580Z - Handled REQUEST_PROJECT_GRAPH. Handling time: 0. Response time: 1.
[NX Daemon Server] - 2024-06-13T12:28:43.202Z - [WATCHER]: Processing file changes in outputs
[NX Daemon Server] - 2024-06-13T12:28:45.325Z - [WATCHER]: Processing file changes in outputs
[NX Daemon Server] - 2024-06-13T12:28:45.538Z - [REQUEST]: Client Request for Project Graph Received
[NX Daemon Server] - 2024-06-13T12:28:45.538Z - [REQUEST]: Responding to the client. project-graph
[NX Daemon Server] - 2024-06-13T12:28:45.538Z - Time taken for 'total for creating and serializing project graph' 0.18829100000039034ms
[NX Daemon Server] - 2024-06-13T12:28:45.542Z - Done responding to the client project-graph
[NX Daemon Server] - 2024-06-13T12:28:45.542Z - Handled REQUEST_PROJECT_GRAPH. Handling time: 0. Response time: 4.
[NX Daemon Server] - 2024-06-13T12:28:45.566Z - [WATCHER]: Processing file changes in outputs
[NX Daemon Server] - 2024-06-13T12:28:47.123Z - [WATCHER]: Processing file changes in outputs
[NX Daemon Server] - 2024-06-13T12:28:58.058Z - [WATCHER]: Processing file changes in outputs
[NX Daemon Server] - 2024-06-13T12:29:00.008Z - [WATCHER]: Processing file changes in outputs
[NX Daemon Server] - 2024-06-13T12:29:00.840Z - [WATCHER]: Processing file changes in outputs
[NX Daemon Server] - 2024-06-13T12:29:01.018Z - [WATCHER]: Processing file changes in outputs
[NX Daemon Server] - 2024-06-13T12:29:01.120Z - [WATCHER]: Processing file changes in outputs
[NX Daemon Server] - 2024-06-13T12:29:02.020Z - [WATCHER]: Processing file changes in outputs
[NX Daemon Server] - 2024-06-13T12:29:02.251Z - [WATCHER]: Processing file changes in outputs
[NX Daemon Server] - 2024-06-13T12:29:42.114Z - [WATCHER]: package.json was modified
[NX Daemon Server] - 2024-06-13T12:29:42.115Z - [WATCHER]: Processing file changes in outputs
[NX Daemon Server] - 2024-06-13T12:29:42.211Z - [WATCHER]: Processing file changes in outputs
[NX Daemon Server] - 2024-06-13T12:29:42.216Z - [REQUEST]: Updated workspace context based on watched changes, recomputing project graph...
[NX Daemon Server] - 2024-06-13T12:29:42.216Z - [REQUEST]: package.json
[NX Daemon Server] - 2024-06-13T12:29:42.216Z - [REQUEST]: 
[NX Daemon Server] - 2024-06-13T12:29:42.275Z - Time taken for 'hash changed files from watcher' 0.2281250000014552ms
[NX Daemon Server] - 2024-06-13T12:29:43.148Z - [WATCHER]: package.json was modified
[NX Daemon Server] - 2024-06-13T12:29:43.148Z - [WATCHER]: Processing file changes in outputs
[NX Daemon Server] - 2024-06-13T12:29:43.212Z - [WATCHER]: Processing file changes in outputs
[NX Daemon Server] - 2024-06-13T12:29:43.349Z - [REQUEST]: Updated workspace context based on watched changes, recomputing project graph...
[NX Daemon Server] - 2024-06-13T12:29:43.349Z - [REQUEST]: package.json
[NX Daemon Server] - 2024-06-13T12:29:43.349Z - [REQUEST]: 
[NX Daemon Server] - 2024-06-13T12:29:43.383Z - Time taken for 'hash changed files from watcher' 0.24733300000661984ms
[NX Daemon Server] - 2024-06-13T12:29:44.202Z - [WATCHER]: Processing file changes in outputs
[NX Daemon Server] - 2024-06-13T12:29:44.203Z - [WATCHER]: package.json was modified
[NX Daemon Server] - 2024-06-13T12:29:44.265Z - [WATCHER]: Processing file changes in outputs
[NX Daemon Server] - 2024-06-13T12:29:44.606Z - [REQUEST]: Updated workspace context based on watched changes, recomputing project graph...
[NX Daemon Server] - 2024-06-13T12:29:44.606Z - [REQUEST]: package.json
[NX Daemon Server] - 2024-06-13T12:29:44.606Z - [REQUEST]: 
[NX Daemon Server] - 2024-06-13T12:29:44.657Z - Time taken for 'hash changed files from watcher' 0.932874999998603ms
[NX Daemon Server] - 2024-06-13T12:29:45.839Z - Closed a connection. Number of open connections: 2
[NX Daemon Server] - 2024-06-13T12:29:45.846Z - Closed a connection. Number of open connections: 1
[NX Daemon Server] - 2024-06-13T12:29:45.847Z - [REQUEST]: Responding to the client. recordOutputsHash
[NX Daemon Server] - 2024-06-13T12:29:45.847Z - Done responding to the client recordOutputsHash
[NX Daemon Server] - 2024-06-13T12:29:45.847Z - Handled RECORD_OUTPUTS_HASH. Handling time: 0. Response time: 0.
[NX Daemon Server] - 2024-06-13T12:29:45.850Z - Closed a connection. Number of open connections: 0
[NX Daemon Server] - 2024-06-13T12:29:45.903Z - [WATCHER]: Processing file changes in outputs
[NX Daemon Server] - 2024-06-13T12:29:46.225Z - Established a connection. Number of open connections: 1
[NX Daemon Server] - 2024-06-13T12:29:46.225Z - Closed a connection. Number of open connections: 0
[NX Daemon Server] - 2024-06-13T12:29:46.225Z - Established a connection. Number of open connections: 1
[NX Daemon Server] - 2024-06-13T12:29:46.226Z - [REQUEST]: Client Request for Project Graph Received
[NX Daemon Server] - 2024-06-13T12:29:46.226Z - [REQUEST]: Responding to the client. project-graph
[NX Daemon Server] - 2024-06-13T12:29:46.226Z - Time taken for 'total for creating and serializing project graph' 0.05766600000788458ms
[NX Daemon Server] - 2024-06-13T12:29:46.227Z - Done responding to the client project-graph
[NX Daemon Server] - 2024-06-13T12:29:46.228Z - Handled REQUEST_PROJECT_GRAPH. Handling time: 0. Response time: 2.
[NX Daemon Server] - 2024-06-13T12:29:46.697Z - Closed a connection. Number of open connections: 0
[NX Daemon Server] - 2024-06-13T12:29:46.755Z - [WATCHER]: Processing file changes in outputs
[NX Daemon Server] - 2024-06-13T12:29:48.725Z - [WATCHER]: _tmp_52493_e373dce538c4e84483f1b39e2e617461 was deleted
[NX Daemon Server] - 2024-06-13T12:29:48.725Z - [WATCHER]: Processing file changes in outputs
[NX Daemon Server] - 2024-06-13T12:29:48.826Z - [REQUEST]: Updated workspace context based on watched changes, recomputing project graph...
[NX Daemon Server] - 2024-06-13T12:29:48.826Z - [REQUEST]: 
[NX Daemon Server] - 2024-06-13T12:29:48.826Z - [REQUEST]: _tmp_52493_e373dce538c4e84483f1b39e2e617461
[NX Daemon Server] - 2024-06-13T12:29:48.860Z - Time taken for 'hash changed files from watcher' 0.1562080000003334ms
[NX Daemon Server] - 2024-06-13T12:29:50.222Z - [WATCHER]: Processing file changes in outputs
[NX Daemon Server] - 2024-06-13T12:29:50.222Z - [WATCHER]: Stopping the watcher for /Users/zpydee/Documents/Github/spwntch/workspace (sources)
[NX Daemon Server] - 2024-06-13T12:29:50.222Z - [WATCHER]: Stopping the watcher for /Users/zpydee/Documents/Github/spwntch/workspace (outputs)
[NX Daemon Server] - 2024-06-13T12:29:50.222Z - Server stopped because: "LOCK_FILES_CHANGED"
[NX Daemon Server] - 2024-06-13T12:29:57.155Z - Started listening on: /var/folders/tc/wk467jc11zqc2dd4mxl2bc1h0000gn/T/2fdebc5bb397ac766608/d.sock
[NX Daemon Server] - 2024-06-13T12:29:57.157Z - [WATCHER]: Subscribed to changes within: /Users/zpydee/Documents/Github/spwntch/workspace (native)
[NX Daemon Server] - 2024-06-13T12:29:57.159Z - Established a connection. Number of open connections: 1
[NX Daemon Server] - 2024-06-13T12:29:57.159Z - Established a connection. Number of open connections: 2
[NX Daemon Server] - 2024-06-13T12:29:57.160Z - Closed a connection. Number of open connections: 1
[NX Daemon Server] - 2024-06-13T12:29:57.160Z - [REQUEST]: Client Request for Project Graph Received
[NX Daemon Server] - 2024-06-13T12:29:57.199Z - [REQUEST]: Updated workspace context based on watched changes, recomputing project graph...
[NX Daemon Server] - 2024-06-13T12:29:57.199Z - [REQUEST]: 
[NX Daemon Server] - 2024-06-13T12:29:57.199Z - [REQUEST]: 
[NX Daemon Server] - 2024-06-13T12:29:57.887Z - [REQUEST]: Responding to the client. project-graph
[NX Daemon Server] - 2024-06-13T12:29:57.887Z - Time taken for 'total for creating and serializing project graph' 726.3311249999999ms
[NX Daemon Server] - 2024-06-13T12:29:57.888Z - [WATCHER]: .nx/workspace-data/d/server-process.json was created or restored
[NX Daemon Server] - 2024-06-13T12:29:57.890Z - Done responding to the client project-graph
[NX Daemon Server] - 2024-06-13T12:29:57.890Z - Handled REQUEST_PROJECT_GRAPH. Handling time: 727. Response time: 3.
[NX Daemon Server] - 2024-06-13T12:29:57.895Z - [REQUEST]: Updated workspace context based on watched changes, recomputing project graph...
[NX Daemon Server] - 2024-06-13T12:29:57.895Z - [REQUEST]: .nx/workspace-data/d/server-process.json
[NX Daemon Server] - 2024-06-13T12:29:57.895Z - [REQUEST]: 
[NX Daemon Server] - 2024-06-13T12:29:57.933Z - [REQUEST]: Responding to the client. handleHashTasks
[NX Daemon Server] - 2024-06-13T12:29:57.933Z - Time taken for 'hash changed files from watcher' 0.13495899999998073ms
[NX Daemon Server] - 2024-06-13T12:29:57.934Z - Done responding to the client handleHashTasks
[NX Daemon Server] - 2024-06-13T12:29:57.934Z - Handled HASH_TASKS. Handling time: 38. Response time: 1.
[NX Daemon Server] - 2024-06-13T12:29:58.296Z - Established a connection. Number of open connections: 2
[NX Daemon Server] - 2024-06-13T12:29:58.297Z - Closed a connection. Number of open connections: 1
[NX Daemon Server] - 2024-06-13T12:29:58.297Z - Established a connection. Number of open connections: 2
[NX Daemon Server] - 2024-06-13T12:29:58.298Z - [REQUEST]: Client Request for Project Graph Received
[NX Daemon Server] - 2024-06-13T12:29:58.298Z - [REQUEST]: Responding to the client. project-graph
[NX Daemon Server] - 2024-06-13T12:29:58.298Z - Time taken for 'total for creating and serializing project graph' 0.061916000000110216ms
[NX Daemon Server] - 2024-06-13T12:29:58.300Z - Done responding to the client project-graph
[NX Daemon Server] - 2024-06-13T12:29:58.300Z - Handled REQUEST_PROJECT_GRAPH. Handling time: 0. Response time: 2.
[NX Daemon Server] - 2024-06-13T12:29:58.690Z - Established a connection. Number of open connections: 3
[NX Daemon Server] - 2024-06-13T12:29:58.690Z - Closed a connection. Number of open connections: 2
[NX Daemon Server] - 2024-06-13T12:29:58.690Z - Established a connection. Number of open connections: 3
[NX Daemon Server] - 2024-06-13T12:29:58.691Z - [REQUEST]: Client Request for Project Graph Received
[NX Daemon Server] - 2024-06-13T12:29:58.691Z - [REQUEST]: Responding to the client. project-graph
[NX Daemon Server] - 2024-06-13T12:29:58.691Z - Time taken for 'total for creating and serializing project graph' 0.05441599999994651ms
[NX Daemon Server] - 2024-06-13T12:29:58.693Z - Done responding to the client project-graph
[NX Daemon Server] - 2024-06-13T12:29:58.693Z - Handled REQUEST_PROJECT_GRAPH. Handling time: 0. Response time: 2.
[NX Daemon Server] - 2024-06-13T12:29:58.722Z - [REQUEST]: Client Request for Project Graph Received
[NX Daemon Server] - 2024-06-13T12:29:58.723Z - [REQUEST]: Responding to the client. project-graph
[NX Daemon Server] - 2024-06-13T12:29:58.723Z - Time taken for 'total for creating and serializing project graph' 0.17320900000004258ms
[NX Daemon Server] - 2024-06-13T12:29:58.725Z - Done responding to the client project-graph
[NX Daemon Server] - 2024-06-13T12:29:58.725Z - Handled REQUEST_PROJECT_GRAPH. Handling time: 1. Response time: 2.
[NX Daemon Server] - 2024-06-13T12:29:59.356Z - [WATCHER]: Processing file changes in outputs
[NX Daemon Server] - 2024-06-13T12:30:00.003Z - [WATCHER]: Processing file changes in outputs
[NX Daemon Server] - 2024-06-13T12:30:00.203Z - [REQUEST]: Client Request for Project Graph Received
[NX Daemon Server] - 2024-06-13T12:30:00.203Z - [REQUEST]: Responding to the client. project-graph
[NX Daemon Server] - 2024-06-13T12:30:00.203Z - Time taken for 'total for creating and serializing project graph' 0.1554999999998472ms
[NX Daemon Server] - 2024-06-13T12:30:00.232Z - Done responding to the client project-graph
[NX Daemon Server] - 2024-06-13T12:30:00.232Z - Handled REQUEST_PROJECT_GRAPH. Handling time: 0. Response time: 29.
[NX Daemon Server] - 2024-06-13T12:30:00.233Z - [WATCHER]: Processing file changes in outputs
[NX Daemon Server] - 2024-06-13T12:30:01.195Z - [WATCHER]: Processing file changes in outputs
[NX Daemon Server] - 2024-06-13T12:30:02.404Z - [WATCHER]: Processing file changes in outputs
[NX Daemon Server] - 2024-06-13T12:30:02.528Z - [WATCHER]: Processing file changes in outputs
[NX Daemon Server] - 2024-06-13T12:30:03.596Z - [WATCHER]: Processing file changes in outputs
[NX Daemon Server] - 2024-06-13T12:30:03.835Z - [WATCHER]: Processing file changes in outputs
[NX Daemon Server] - 2024-06-13T12:30:04.488Z - [WATCHER]: Processing file changes in outputs
[NX Daemon Server] - 2024-06-13T12:30:04.849Z - [WATCHER]: Processing file changes in outputs
[NX Daemon Server] - 2024-06-13T12:34:54.475Z - Closed a connection. Number of open connections: 2
[NX Daemon Server] - 2024-06-13T12:34:54.484Z - Closed a connection. Number of open connections: 1
[NX Daemon Server] - 2024-06-13T12:34:54.487Z - [REQUEST]: Responding to the client. recordOutputsHash
[NX Daemon Server] - 2024-06-13T12:34:54.487Z - Done responding to the client recordOutputsHash
[NX Daemon Server] - 2024-06-13T12:34:54.487Z - Handled RECORD_OUTPUTS_HASH. Handling time: 0. Response time: 0.
[NX Daemon Server] - 2024-06-13T12:34:54.491Z - Closed a connection. Number of open connections: 0
[NX Daemon Server] - 2024-06-13T12:34:54.539Z - [WATCHER]: Processing file changes in outputs
[NX Daemon Server] - 2024-06-13T12:34:54.864Z - Established a connection. Number of open connections: 1
[NX Daemon Server] - 2024-06-13T12:34:54.865Z - Closed a connection. Number of open connections: 0
[NX Daemon Server] - 2024-06-13T12:34:54.865Z - Established a connection. Number of open connections: 1
[NX Daemon Server] - 2024-06-13T12:34:54.866Z - [REQUEST]: Client Request for Project Graph Received
[NX Daemon Server] - 2024-06-13T12:34:54.866Z - [REQUEST]: Responding to the client. project-graph
[NX Daemon Server] - 2024-06-13T12:34:54.866Z - Time taken for 'total for creating and serializing project graph' 0.1683750000083819ms
[NX Daemon Server] - 2024-06-13T12:34:54.868Z - Done responding to the client project-graph
[NX Daemon Server] - 2024-06-13T12:34:54.868Z - Handled REQUEST_PROJECT_GRAPH. Handling time: 0. Response time: 2.
[NX Daemon Server] - 2024-06-13T12:34:55.332Z - Closed a connection. Number of open connections: 0
[NX Daemon Server] - 2024-06-13T12:34:55.393Z - [WATCHER]: Processing file changes in outputs
[NX Daemon Server] - 2024-06-13T12:35:05.002Z - [WATCHER]: Processing file changes in outputs
[NX Daemon Server] - 2024-06-13T12:35:05.003Z - [WATCHER]: Stopping the watcher for /Users/zpydee/Documents/Github/spwntch/workspace (sources)
[NX Daemon Server] - 2024-06-13T12:35:05.003Z - [WATCHER]: Stopping the watcher for /Users/zpydee/Documents/Github/spwntch/workspace (outputs)
[NX Daemon Server] - 2024-06-13T12:35:05.003Z - Server stopped because: "NX_VERSION_CHANGED"
[NX Daemon Server] - 2024-06-15T12:52:01.571Z - Started listening on: /var/folders/tc/wk467jc11zqc2dd4mxl2bc1h0000gn/T/2fdebc5bb397ac766608/d.sock
[NX Daemon Server] - 2024-06-15T12:52:01.572Z - [WATCHER]: Subscribed to changes within: /Users/zpydee/Documents/Github/spwntch/workspace (native)
[NX Daemon Server] - 2024-06-15T12:52:01.578Z - Established a connection. Number of open connections: 1
[NX Daemon Server] - 2024-06-15T12:52:01.578Z - Established a connection. Number of open connections: 2
[NX Daemon Server] - 2024-06-15T12:52:01.579Z - Closed a connection. Number of open connections: 1
[NX Daemon Server] - 2024-06-15T12:52:01.579Z - [REQUEST]: Client Request for Project Graph Received
[NX Daemon Server] - 2024-06-15T12:52:01.628Z - [REQUEST]: Updated workspace context based on watched changes, recomputing project graph...
[NX Daemon Server] - 2024-06-15T12:52:01.628Z - [REQUEST]: 
[NX Daemon Server] - 2024-06-15T12:52:01.628Z - [REQUEST]: 
[NX Daemon Server] - 2024-06-15T12:52:02.762Z - [REQUEST]: Responding to the client. project-graph
[NX Daemon Server] - 2024-06-15T12:52:02.762Z - Time taken for 'total for creating and serializing project graph' 1182.0375410000001ms
[NX Daemon Server] - 2024-06-15T12:52:02.772Z - Done responding to the client project-graph
[NX Daemon Server] - 2024-06-15T12:52:02.772Z - Handled REQUEST_PROJECT_GRAPH. Handling time: 1183. Response time: 10.
[NX Daemon Server] - 2024-06-15T12:52:02.791Z - [REQUEST]: Responding to the client. handleHashTasks
[NX Daemon Server] - 2024-06-15T12:52:02.795Z - Done responding to the client handleHashTasks
[NX Daemon Server] - 2024-06-15T12:52:02.795Z - Handled HASH_TASKS. Handling time: 12. Response time: 4.
[NX Daemon Server] - 2024-06-15T12:52:03.471Z - Established a connection. Number of open connections: 2
[NX Daemon Server] - 2024-06-15T12:52:03.471Z - Closed a connection. Number of open connections: 1
[NX Daemon Server] - 2024-06-15T12:52:03.471Z - Established a connection. Number of open connections: 2
[NX Daemon Server] - 2024-06-15T12:52:03.472Z - [REQUEST]: Client Request for Project Graph Received
[NX Daemon Server] - 2024-06-15T12:52:03.472Z - [REQUEST]: Responding to the client. project-graph
[NX Daemon Server] - 2024-06-15T12:52:03.473Z - Time taken for 'total for creating and serializing project graph' 0.07712500000002365ms
[NX Daemon Server] - 2024-06-15T12:52:03.474Z - Done responding to the client project-graph
[NX Daemon Server] - 2024-06-15T12:52:03.474Z - Handled REQUEST_PROJECT_GRAPH. Handling time: 0. Response time: 2.
[NX Daemon Server] - 2024-06-15T12:52:03.910Z - Established a connection. Number of open connections: 3
[NX Daemon Server] - 2024-06-15T12:52:03.911Z - Closed a connection. Number of open connections: 2
[NX Daemon Server] - 2024-06-15T12:52:03.911Z - Established a connection. Number of open connections: 3
[NX Daemon Server] - 2024-06-15T12:52:03.912Z - [REQUEST]: Client Request for Project Graph Received
[NX Daemon Server] - 2024-06-15T12:52:03.912Z - [REQUEST]: Responding to the client. project-graph
[NX Daemon Server] - 2024-06-15T12:52:03.912Z - Time taken for 'total for creating and serializing project graph' 0.12179100000003018ms
[NX Daemon Server] - 2024-06-15T12:52:03.914Z - Done responding to the client project-graph
[NX Daemon Server] - 2024-06-15T12:52:03.914Z - Handled REQUEST_PROJECT_GRAPH. Handling time: 0. Response time: 2.
[NX Daemon Server] - 2024-06-15T12:52:03.945Z - [REQUEST]: Client Request for Project Graph Received
[NX Daemon Server] - 2024-06-15T12:52:03.945Z - [REQUEST]: Responding to the client. project-graph
[NX Daemon Server] - 2024-06-15T12:52:03.945Z - Time taken for 'total for creating and serializing project graph' 0.16841699999986304ms
[NX Daemon Server] - 2024-06-15T12:52:03.947Z - Done responding to the client project-graph
[NX Daemon Server] - 2024-06-15T12:52:03.948Z - Handled REQUEST_PROJECT_GRAPH. Handling time: 0. Response time: 3.
[NX Daemon Server] - 2024-06-15T12:52:04.830Z - [WATCHER]: Processing file changes in outputs
[NX Daemon Server] - 2024-06-15T12:52:06.165Z - [WATCHER]: Processing file changes in outputs
[NX Daemon Server] - 2024-06-15T12:52:06.377Z - [REQUEST]: Client Request for Project Graph Received
[NX Daemon Server] - 2024-06-15T12:52:06.377Z - [REQUEST]: Responding to the client. project-graph
[NX Daemon Server] - 2024-06-15T12:52:06.377Z - Time taken for 'total for creating and serializing project graph' 0.10079200000018318ms
[NX Daemon Server] - 2024-06-15T12:52:06.382Z - Done responding to the client project-graph
[NX Daemon Server] - 2024-06-15T12:52:06.382Z - Handled REQUEST_PROJECT_GRAPH. Handling time: 0. Response time: 5.
[NX Daemon Server] - 2024-06-15T12:52:06.404Z - [WATCHER]: Processing file changes in outputs
[NX Daemon Server] - 2024-06-15T12:52:12.889Z - [WATCHER]: Processing file changes in outputs
[NX Daemon Server] - 2024-06-15T12:52:14.194Z - [WATCHER]: Processing file changes in outputs
[NX Daemon Server] - 2024-06-15T12:52:14.574Z - [WATCHER]: Processing file changes in outputs
[NX Daemon Server] - 2024-06-15T12:52:15.882Z - [WATCHER]: Processing file changes in outputs
[NX Daemon Server] - 2024-06-15T12:52:16.029Z - [WATCHER]: Processing file changes in outputs
[NX Daemon Server] - 2024-06-15T12:52:16.226Z - [WATCHER]: Processing file changes in outputs
[NX Daemon Server] - 2024-06-15T12:52:21.841Z - [WATCHER]: Processing file changes in outputs
[NX Daemon Server] - 2024-06-15T12:52:22.058Z - [WATCHER]: Processing file changes in outputs
[NX Daemon Server] - 2024-06-15T12:52:23.034Z - [WATCHER]: Processing file changes in outputs
[NX Daemon Server] - 2024-06-15T12:52:23.287Z - [WATCHER]: Processing file changes in outputs
[NX Daemon Server] - 2024-06-15T12:52:26.414Z - [WATCHER]: Processing file changes in outputs
[NX Daemon Server] - 2024-06-15T12:52:26.582Z - [WATCHER]: Processing file changes in outputs
[NX Daemon Server] - 2024-06-15T12:52:54.556Z - Closed a connection. Number of open connections: 2
[NX Daemon Server] - 2024-06-15T12:52:54.565Z - Closed a connection. Number of open connections: 1
[NX Daemon Server] - 2024-06-15T12:52:54.566Z - [REQUEST]: Responding to the client. recordOutputsHash
[NX Daemon Server] - 2024-06-15T12:52:54.566Z - Done responding to the client recordOutputsHash
[NX Daemon Server] - 2024-06-15T12:52:54.566Z - Handled RECORD_OUTPUTS_HASH. Handling time: 0. Response time: 0.
[NX Daemon Server] - 2024-06-15T12:52:54.571Z - Closed a connection. Number of open connections: 0
[NX Daemon Server] - 2024-06-15T12:52:54.619Z - [WATCHER]: Processing file changes in outputs
[NX Daemon Server] - 2024-06-15T12:52:54.958Z - Established a connection. Number of open connections: 1
[NX Daemon Server] - 2024-06-15T12:52:54.959Z - Closed a connection. Number of open connections: 0
[NX Daemon Server] - 2024-06-15T12:52:54.959Z - Established a connection. Number of open connections: 1
[NX Daemon Server] - 2024-06-15T12:52:54.960Z - [REQUEST]: Client Request for Project Graph Received
[NX Daemon Server] - 2024-06-15T12:52:54.960Z - [REQUEST]: Responding to the client. project-graph
[NX Daemon Server] - 2024-06-15T12:52:54.960Z - Time taken for 'total for creating and serializing project graph' 0.07091700000455603ms
[NX Daemon Server] - 2024-06-15T12:52:54.962Z - Done responding to the client project-graph
[NX Daemon Server] - 2024-06-15T12:52:54.962Z - Handled REQUEST_PROJECT_GRAPH. Handling time: 0. Response time: 2.
[NX Daemon Server] - 2024-06-15T12:52:55.433Z - Closed a connection. Number of open connections: 0
[NX Daemon Server] - 2024-06-15T12:52:55.490Z - [WATCHER]: Processing file changes in outputs
[NX Daemon Server] - 2024-06-15T13:03:34.772Z - [WATCHER]: Processing file changes in outputs
[NX Daemon Server] - 2024-06-15T13:03:34.772Z - [WATCHER]: Stopping the watcher for /Users/zpydee/Documents/Github/spwntch/workspace (sources)
[NX Daemon Server] - 2024-06-15T13:03:34.772Z - [WATCHER]: Stopping the watcher for /Users/zpydee/Documents/Github/spwntch/workspace (outputs)
[NX Daemon Server] - 2024-06-15T13:03:34.772Z - Server stopped because: "NX_VERSION_CHANGED"
[NX Daemon Server] - 2024-06-16T08:25:55.868Z - Started listening on: /var/folders/tc/wk467jc11zqc2dd4mxl2bc1h0000gn/T/2fdebc5bb397ac766608/d.sock
[NX Daemon Server] - 2024-06-16T08:25:55.869Z - [WATCHER]: Subscribed to changes within: /Users/zpydee/Documents/Github/spwntch/workspace (native)
[NX Daemon Server] - 2024-06-16T08:25:55.877Z - Established a connection. Number of open connections: 1
[NX Daemon Server] - 2024-06-16T08:25:55.878Z - Established a connection. Number of open connections: 2
[NX Daemon Server] - 2024-06-16T08:25:55.878Z - Closed a connection. Number of open connections: 1
[NX Daemon Server] - 2024-06-16T08:25:55.879Z - [REQUEST]: Client Request for Project Graph Received
[NX Daemon Server] - 2024-06-16T08:25:56.006Z - [REQUEST]: Updated workspace context based on watched changes, recomputing project graph...
[NX Daemon Server] - 2024-06-16T08:25:56.006Z - [REQUEST]: 
[NX Daemon Server] - 2024-06-16T08:25:56.006Z - [REQUEST]: 
[NX Daemon Server] - 2024-06-16T08:25:56.849Z - [REQUEST]: Responding to the client. project-graph
[NX Daemon Server] - 2024-06-16T08:25:56.850Z - Time taken for 'total for creating and serializing project graph' 970.1336249999877ms
[NX Daemon Server] - 2024-06-16T08:25:56.851Z - Done responding to the client project-graph
[NX Daemon Server] - 2024-06-16T08:25:56.851Z - Handled REQUEST_PROJECT_GRAPH. Handling time: 970. Response time: 2.
[NX Daemon Server] - 2024-06-16T08:25:56.853Z - [REQUEST]: Responding to the client. handleContextFileData
[NX Daemon Server] - 2024-06-16T08:25:56.854Z - Done responding to the client handleContextFileData
[NX Daemon Server] - 2024-06-16T08:25:56.854Z - Handled GET_CONTEXT_FILE_DATA. Handling time: 0. Response time: 1.
[NX Daemon Server] - 2024-06-16T08:25:56.854Z - Closed a connection. Number of open connections: 0
[NX Daemon Server] - 2024-06-16T08:25:56.880Z - Established a connection. Number of open connections: 1
[NX Daemon Server] - 2024-06-16T08:25:56.880Z - Established a connection. Number of open connections: 2
[NX Daemon Server] - 2024-06-16T08:25:56.880Z - Closed a connection. Number of open connections: 1
[NX Daemon Server] - 2024-06-16T08:25:56.880Z - [REQUEST]: Client Request for Project Graph Received
[NX Daemon Server] - 2024-06-16T08:25:56.880Z - [REQUEST]: Responding to the client. project-graph
[NX Daemon Server] - 2024-06-16T08:25:56.881Z - Time taken for 'total for creating and serializing project graph' 0.04191600001649931ms
[NX Daemon Server] - 2024-06-16T08:25:56.883Z - Done responding to the client project-graph
[NX Daemon Server] - 2024-06-16T08:25:56.883Z - Handled REQUEST_PROJECT_GRAPH. Handling time: 0. Response time: 3.
[NX Daemon Server] - 2024-06-16T08:25:56.884Z - [REQUEST]: Client Request for Project Graph Received
[NX Daemon Server] - 2024-06-16T08:25:56.885Z - [REQUEST]: Responding to the client. project-graph
[NX Daemon Server] - 2024-06-16T08:25:56.885Z - Time taken for 'total for creating and serializing project graph' 0.03858300001593307ms
[NX Daemon Server] - 2024-06-16T08:25:56.886Z - Done responding to the client project-graph
[NX Daemon Server] - 2024-06-16T08:25:56.886Z - Handled REQUEST_PROJECT_GRAPH. Handling time: 1. Response time: 1.
[NX Daemon Server] - 2024-06-16T08:25:56.888Z - Established a connection. Number of open connections: 2
[NX Daemon Server] - 2024-06-16T08:32:34.927Z - [WATCHER]: package.json was modified
[NX Daemon Server] - 2024-06-16T08:32:34.928Z - [REQUEST]: Responding to the client. File watch changed
[NX Daemon Server] - 2024-06-16T08:32:34.928Z - Done responding to the client File watch changed
[NX Daemon Server] - 2024-06-16T08:32:34.928Z - Handled FILE-WATCH-CHANGED. Handling time: 0. Response time: 0.
[NX Daemon Server] - 2024-06-16T08:32:34.928Z - [WATCHER]: Processing file changes in outputs
[NX Daemon Server] - 2024-06-16T08:32:34.929Z - Time taken for 'changed-projects' 0.19970800005830824ms
[NX Daemon Server] - 2024-06-16T08:32:35.030Z - [REQUEST]: Updated workspace context based on watched changes, recomputing project graph...
[NX Daemon Server] - 2024-06-16T08:32:35.030Z - [REQUEST]: package.json
[NX Daemon Server] - 2024-06-16T08:32:35.030Z - [REQUEST]: 
[NX Daemon Server] - 2024-06-16T08:32:35.668Z - Time taken for 'hash changed files from watcher' 1.1956249999348074ms
[NX Daemon Server] - 2024-06-16T08:32:35.935Z - [REQUEST]: Client Request for Project Graph Received
[NX Daemon Server] - 2024-06-16T08:32:35.935Z - [REQUEST]: Responding to the client. project-graph
[NX Daemon Server] - 2024-06-16T08:32:35.938Z - Time taken for 'total for creating and serializing project graph' 0.21229199995286763ms
[NX Daemon Server] - 2024-06-16T08:32:35.941Z - Done responding to the client project-graph
[NX Daemon Server] - 2024-06-16T08:32:35.941Z - Handled REQUEST_PROJECT_GRAPH. Handling time: 0. Response time: 6.
[NX Daemon Server] - 2024-06-16T08:32:35.945Z - [REQUEST]: Responding to the client. handleContextFileData
[NX Daemon Server] - 2024-06-16T08:32:35.946Z - Done responding to the client handleContextFileData
[NX Daemon Server] - 2024-06-16T08:32:35.946Z - Handled GET_CONTEXT_FILE_DATA. Handling time: 0. Response time: 1.
[NX Daemon Server] - 2024-06-16T08:32:35.946Z - Closed a connection. Number of open connections: 1
[NX Daemon Server] - 2024-06-16T08:32:35.953Z - Closed a connection. Number of open connections: 0
[NX Daemon Server] - 2024-06-16T08:32:35.953Z - Established a connection. Number of open connections: 1
[NX Daemon Server] - 2024-06-16T08:32:35.954Z - Established a connection. Number of open connections: 2
[NX Daemon Server] - 2024-06-16T08:32:35.954Z - Closed a connection. Number of open connections: 1
[NX Daemon Server] - 2024-06-16T08:32:35.954Z - [REQUEST]: Client Request for Project Graph Received
[NX Daemon Server] - 2024-06-16T08:32:35.954Z - [REQUEST]: Responding to the client. project-graph
[NX Daemon Server] - 2024-06-16T08:32:35.955Z - Time taken for 'total for creating and serializing project graph' 0.06012500007636845ms
[NX Daemon Server] - 2024-06-16T08:32:35.957Z - Done responding to the client project-graph
[NX Daemon Server] - 2024-06-16T08:32:35.957Z - Handled REQUEST_PROJECT_GRAPH. Handling time: 0. Response time: 3.
[NX Daemon Server] - 2024-06-16T08:32:35.960Z - [REQUEST]: Client Request for Project Graph Received
[NX Daemon Server] - 2024-06-16T08:32:35.960Z - [REQUEST]: Responding to the client. project-graph
[NX Daemon Server] - 2024-06-16T08:32:35.962Z - Time taken for 'total for creating and serializing project graph' 0.04854200000409037ms
[NX Daemon Server] - 2024-06-16T08:32:35.963Z - Done responding to the client project-graph
[NX Daemon Server] - 2024-06-16T08:32:35.963Z - Handled REQUEST_PROJECT_GRAPH. Handling time: 0. Response time: 3.
[NX Daemon Server] - 2024-06-16T08:32:35.965Z - Established a connection. Number of open connections: 2
[NX Daemon Server] - 2024-06-16T08:32:36.983Z - [WATCHER]: _tmp_4904_89a396177eb23971cbc21d782be776d7 was deleted
[NX Daemon Server] - 2024-06-16T08:32:36.984Z - [REQUEST]: Responding to the client. File watch changed
[NX Daemon Server] - 2024-06-16T08:32:36.984Z - Done responding to the client File watch changed
[NX Daemon Server] - 2024-06-16T08:32:36.984Z - Handled FILE-WATCH-CHANGED. Handling time: 0. Response time: 0.
[NX Daemon Server] - 2024-06-16T08:32:36.985Z - [WATCHER]: Processing file changes in outputs
[NX Daemon Server] - 2024-06-16T08:32:36.985Z - Time taken for 'changed-projects' 0.3931670000310987ms
[NX Daemon Server] - 2024-06-16T08:32:37.084Z - [REQUEST]: Updated workspace context based on watched changes, recomputing project graph...
[NX Daemon Server] - 2024-06-16T08:32:37.084Z - [REQUEST]: 
[NX Daemon Server] - 2024-06-16T08:32:37.084Z - [REQUEST]: _tmp_4904_89a396177eb23971cbc21d782be776d7
[NX Daemon Server] - 2024-06-16T08:32:37.128Z - Time taken for 'hash changed files from watcher' 0.29341699997894466ms
[NX Daemon Server] - 2024-06-16T08:32:37.987Z - [REQUEST]: Client Request for Project Graph Received
[NX Daemon Server] - 2024-06-16T08:32:37.987Z - [REQUEST]: Responding to the client. project-graph
[NX Daemon Server] - 2024-06-16T08:32:37.989Z - Time taken for 'total for creating and serializing project graph' 0.0867500000167638ms
[NX Daemon Server] - 2024-06-16T08:32:37.997Z - Done responding to the client project-graph
[NX Daemon Server] - 2024-06-16T08:32:37.997Z - Handled REQUEST_PROJECT_GRAPH. Handling time: 0. Response time: 10.
[NX Daemon Server] - 2024-06-16T08:32:38.003Z - [REQUEST]: Responding to the client. handleContextFileData
[NX Daemon Server] - 2024-06-16T08:32:38.008Z - Done responding to the client handleContextFileData
[NX Daemon Server] - 2024-06-16T08:32:38.009Z - Handled GET_CONTEXT_FILE_DATA. Handling time: 0. Response time: 6.
[NX Daemon Server] - 2024-06-16T08:32:38.009Z - Closed a connection. Number of open connections: 1
[NX Daemon Server] - 2024-06-16T08:32:38.024Z - Closed a connection. Number of open connections: 0
[NX Daemon Server] - 2024-06-16T08:32:38.025Z - Established a connection. Number of open connections: 1
[NX Daemon Server] - 2024-06-16T08:32:38.025Z - Established a connection. Number of open connections: 2
[NX Daemon Server] - 2024-06-16T08:32:38.025Z - Closed a connection. Number of open connections: 1
[NX Daemon Server] - 2024-06-16T08:32:38.025Z - [REQUEST]: Client Request for Project Graph Received
[NX Daemon Server] - 2024-06-16T08:32:38.025Z - [REQUEST]: Responding to the client. project-graph
[NX Daemon Server] - 2024-06-16T08:32:38.027Z - Time taken for 'total for creating and serializing project graph' 0.05645799997728318ms
[NX Daemon Server] - 2024-06-16T08:32:38.030Z - Done responding to the client project-graph
[NX Daemon Server] - 2024-06-16T08:32:38.031Z - Handled REQUEST_PROJECT_GRAPH. Handling time: 0. Response time: 6.
[NX Daemon Server] - 2024-06-16T08:32:38.033Z - [REQUEST]: Client Request for Project Graph Received
[NX Daemon Server] - 2024-06-16T08:32:38.033Z - [REQUEST]: Responding to the client. project-graph
[NX Daemon Server] - 2024-06-16T08:32:38.034Z - Time taken for 'total for creating and serializing project graph' 0.06787499994970858ms
[NX Daemon Server] - 2024-06-16T08:32:38.036Z - Done responding to the client project-graph
[NX Daemon Server] - 2024-06-16T08:32:38.036Z - Handled REQUEST_PROJECT_GRAPH. Handling time: 0. Response time: 3.
[NX Daemon Server] - 2024-06-16T08:32:38.038Z - Established a connection. Number of open connections: 2
[NX Daemon Server] - 2024-06-16T08:32:38.249Z - [WATCHER]: Processing file changes in outputs
[NX Daemon Server] - 2024-06-16T08:32:38.249Z - [WATCHER]: Stopping the watcher for /Users/zpydee/Documents/Github/spwntch/workspace (sources)
[NX Daemon Server] - 2024-06-16T08:32:38.249Z - [WATCHER]: Stopping the watcher for /Users/zpydee/Documents/Github/spwntch/workspace (outputs)
[NX Daemon Server] - 2024-06-16T08:32:38.249Z - Server stopped because: "LOCK_FILES_CHANGED"
[NX Daemon Server] - 2024-06-16T08:32:38.533Z - Started listening on: /var/folders/tc/wk467jc11zqc2dd4mxl2bc1h0000gn/T/2fdebc5bb397ac766608/d.sock
[NX Daemon Server] - 2024-06-16T08:32:38.534Z - [WATCHER]: Subscribed to changes within: /Users/zpydee/Documents/Github/spwntch/workspace (native)
[NX Daemon Server] - 2024-06-16T08:32:38.538Z - Established a connection. Number of open connections: 1
[NX Daemon Server] - 2024-06-16T08:32:38.538Z - Established a connection. Number of open connections: 2
[NX Daemon Server] - 2024-06-16T08:32:38.539Z - Closed a connection. Number of open connections: 1
[NX Daemon Server] - 2024-06-16T08:32:38.539Z - [REQUEST]: Client Request for Project Graph Received
[NX Daemon Server] - 2024-06-16T08:32:38.614Z - [REQUEST]: Updated workspace context based on watched changes, recomputing project graph...
[NX Daemon Server] - 2024-06-16T08:32:38.614Z - [REQUEST]: 
[NX Daemon Server] - 2024-06-16T08:32:38.614Z - [REQUEST]: 
[NX Daemon Server] - 2024-06-16T08:32:39.311Z - [REQUEST]: Responding to the client. project-graph
[NX Daemon Server] - 2024-06-16T08:32:39.312Z - Time taken for 'total for creating and serializing project graph' 771.9383749999106ms
[NX Daemon Server] - 2024-06-16T08:32:39.314Z - Done responding to the client project-graph
[NX Daemon Server] - 2024-06-16T08:32:39.314Z - Handled REQUEST_PROJECT_GRAPH. Handling time: 772. Response time: 3.
[NX Daemon Server] - 2024-06-16T08:32:39.315Z - [REQUEST]: Client Request for Project Graph Received
[NX Daemon Server] - 2024-06-16T08:32:39.315Z - [REQUEST]: Responding to the client. project-graph
[NX Daemon Server] - 2024-06-16T08:32:39.316Z - Time taken for 'total for creating and serializing project graph' 0.049915999989025295ms
[NX Daemon Server] - 2024-06-16T08:32:39.317Z - Done responding to the client project-graph
[NX Daemon Server] - 2024-06-16T08:32:39.317Z - Handled REQUEST_PROJECT_GRAPH. Handling time: 0. Response time: 2.
[NX Daemon Server] - 2024-06-16T08:32:39.319Z - Established a connection. Number of open connections: 2
[NX Daemon Server] - 2024-06-16T08:32:44.650Z - [WATCHER]: _tmp_4940_8ce46247643c569f040645dc3ae8ac45 was deleted
[NX Daemon Server] - 2024-06-16T08:32:44.650Z - [REQUEST]: Responding to the client. File watch changed
[NX Daemon Server] - 2024-06-16T08:32:44.650Z - Done responding to the client File watch changed
[NX Daemon Server] - 2024-06-16T08:32:44.651Z - Handled FILE-WATCH-CHANGED. Handling time: 0. Response time: 1.
[NX Daemon Server] - 2024-06-16T08:32:44.651Z - [WATCHER]: Processing file changes in outputs
[NX Daemon Server] - 2024-06-16T08:32:44.651Z - Time taken for 'changed-projects' 0.13679199991747737ms
[NX Daemon Server] - 2024-06-16T08:32:44.752Z - [REQUEST]: Updated workspace context based on watched changes, recomputing project graph...
[NX Daemon Server] - 2024-06-16T08:32:44.753Z - [REQUEST]: 
[NX Daemon Server] - 2024-06-16T08:32:44.753Z - [REQUEST]: _tmp_4940_8ce46247643c569f040645dc3ae8ac45
[NX Daemon Server] - 2024-06-16T08:32:44.800Z - Time taken for 'hash changed files from watcher' 0.3009580000070855ms
[NX Daemon Server] - 2024-06-16T08:32:45.655Z - [REQUEST]: Client Request for Project Graph Received
[NX Daemon Server] - 2024-06-16T08:32:45.655Z - [REQUEST]: Responding to the client. project-graph
[NX Daemon Server] - 2024-06-16T08:32:45.658Z - Time taken for 'total for creating and serializing project graph' 0.17820900003425777ms
[NX Daemon Server] - 2024-06-16T08:32:45.660Z - Done responding to the client project-graph
[NX Daemon Server] - 2024-06-16T08:32:45.660Z - Handled REQUEST_PROJECT_GRAPH. Handling time: 0. Response time: 5.
[NX Daemon Server] - 2024-06-16T08:32:45.667Z - [REQUEST]: Responding to the client. handleContextFileData
[NX Daemon Server] - 2024-06-16T08:32:45.667Z - Done responding to the client handleContextFileData
[NX Daemon Server] - 2024-06-16T08:32:45.667Z - Handled GET_CONTEXT_FILE_DATA. Handling time: 1. Response time: 0.
[NX Daemon Server] - 2024-06-16T08:32:45.668Z - Closed a connection. Number of open connections: 1
[NX Daemon Server] - 2024-06-16T08:32:45.673Z - Closed a connection. Number of open connections: 0
[NX Daemon Server] - 2024-06-16T08:32:45.673Z - Established a connection. Number of open connections: 1
[NX Daemon Server] - 2024-06-16T08:32:45.673Z - Established a connection. Number of open connections: 2
[NX Daemon Server] - 2024-06-16T08:32:45.674Z - Closed a connection. Number of open connections: 1
[NX Daemon Server] - 2024-06-16T08:32:45.674Z - [REQUEST]: Client Request for Project Graph Received
[NX Daemon Server] - 2024-06-16T08:32:45.674Z - [REQUEST]: Responding to the client. project-graph
[NX Daemon Server] - 2024-06-16T08:32:45.675Z - Time taken for 'total for creating and serializing project graph' 0.051208000048063695ms
[NX Daemon Server] - 2024-06-16T08:32:45.676Z - Done responding to the client project-graph
[NX Daemon Server] - 2024-06-16T08:32:45.676Z - Handled REQUEST_PROJECT_GRAPH. Handling time: 0. Response time: 2.
[NX Daemon Server] - 2024-06-16T08:32:45.678Z - [REQUEST]: Client Request for Project Graph Received
[NX Daemon Server] - 2024-06-16T08:32:45.678Z - [REQUEST]: Responding to the client. project-graph
[NX Daemon Server] - 2024-06-16T08:32:45.679Z - Time taken for 'total for creating and serializing project graph' 0.05383300001267344ms
[NX Daemon Server] - 2024-06-16T08:32:45.680Z - Done responding to the client project-graph
[NX Daemon Server] - 2024-06-16T08:32:45.680Z - Handled REQUEST_PROJECT_GRAPH. Handling time: 0. Response time: 2.
[NX Daemon Server] - 2024-06-16T08:32:45.682Z - Established a connection. Number of open connections: 2
[NX Daemon Server] - 2024-06-16T08:32:46.078Z - Established a connection. Number of open connections: 3
[NX Daemon Server] - 2024-06-16T08:32:46.079Z - Closed a connection. Number of open connections: 2
[NX Daemon Server] - 2024-06-16T08:32:46.079Z - Established a connection. Number of open connections: 3
[NX Daemon Server] - 2024-06-16T08:32:46.080Z - [REQUEST]: Client Request for Project Graph Received
[NX Daemon Server] - 2024-06-16T08:32:46.080Z - [REQUEST]: Responding to the client. project-graph
[NX Daemon Server] - 2024-06-16T08:32:46.082Z - Time taken for 'total for creating and serializing project graph' 0.12079099996481091ms
[NX Daemon Server] - 2024-06-16T08:32:46.084Z - Done responding to the client project-graph
[NX Daemon Server] - 2024-06-16T08:32:46.084Z - Handled REQUEST_PROJECT_GRAPH. Handling time: 0. Response time: 4.
[NX Daemon Server] - 2024-06-16T08:32:46.116Z - [REQUEST]: Responding to the client. handleHashTasks
[NX Daemon Server] - 2024-06-16T08:32:46.116Z - Done responding to the client handleHashTasks
[NX Daemon Server] - 2024-06-16T08:32:46.116Z - Handled HASH_TASKS. Handling time: 27. Response time: 0.
[NX Daemon Server] - 2024-06-16T08:32:46.771Z - Established a connection. Number of open connections: 4
[NX Daemon Server] - 2024-06-16T08:32:46.772Z - Established a connection. Number of open connections: 5
[NX Daemon Server] - 2024-06-16T08:32:46.774Z - Closed a connection. Number of open connections: 4
[NX Daemon Server] - 2024-06-16T08:32:46.775Z - [REQUEST]: Client Request for Project Graph Received
[NX Daemon Server] - 2024-06-16T08:32:46.775Z - [REQUEST]: Responding to the client. project-graph
[NX Daemon Server] - 2024-06-16T08:32:46.778Z - Time taken for 'total for creating and serializing project graph' 0.2525840000016615ms
[NX Daemon Server] - 2024-06-16T08:32:46.780Z - Done responding to the client project-graph
[NX Daemon Server] - 2024-06-16T08:32:46.780Z - Handled REQUEST_PROJECT_GRAPH. Handling time: 0. Response time: 5.
[NX Daemon Server] - 2024-06-16T08:32:47.177Z - Established a connection. Number of open connections: 5
[NX Daemon Server] - 2024-06-16T08:32:47.177Z - Established a connection. Number of open connections: 6
[NX Daemon Server] - 2024-06-16T08:32:47.177Z - Closed a connection. Number of open connections: 5
[NX Daemon Server] - 2024-06-16T08:32:47.179Z - [REQUEST]: Client Request for Project Graph Received
[NX Daemon Server] - 2024-06-16T08:32:47.179Z - [REQUEST]: Responding to the client. project-graph
[NX Daemon Server] - 2024-06-16T08:32:47.182Z - Time taken for 'total for creating and serializing project graph' 0.2897920000832528ms
[NX Daemon Server] - 2024-06-16T08:32:47.184Z - Done responding to the client project-graph
[NX Daemon Server] - 2024-06-16T08:32:47.184Z - Handled REQUEST_PROJECT_GRAPH. Handling time: 0. Response time: 5.
[NX Daemon Server] - 2024-06-16T08:32:47.209Z - [REQUEST]: Client Request for Project Graph Received
[NX Daemon Server] - 2024-06-16T08:32:47.209Z - [REQUEST]: Responding to the client. project-graph
[NX Daemon Server] - 2024-06-16T08:32:47.211Z - Time taken for 'total for creating and serializing project graph' 0.18762499990407377ms
[NX Daemon Server] - 2024-06-16T08:32:47.212Z - Done responding to the client project-graph
[NX Daemon Server] - 2024-06-16T08:32:47.212Z - Handled REQUEST_PROJECT_GRAPH. Handling time: 0. Response time: 3.
[NX Daemon Server] - 2024-06-16T08:32:50.223Z - [WATCHER]: Processing file changes in outputs
[NX Daemon Server] - 2024-06-16T08:32:50.867Z - [WATCHER]: Processing file changes in outputs
[NX Daemon Server] - 2024-06-16T08:32:51.084Z - [REQUEST]: Client Request for Project Graph Received
[NX Daemon Server] - 2024-06-16T08:32:51.084Z - [REQUEST]: Responding to the client. project-graph
[NX Daemon Server] - 2024-06-16T08:32:51.086Z - Time taken for 'total for creating and serializing project graph' 0.1774590000277385ms
[NX Daemon Server] - 2024-06-16T08:32:51.093Z - Done responding to the client project-graph
[NX Daemon Server] - 2024-06-16T08:32:51.093Z - Handled REQUEST_PROJECT_GRAPH. Handling time: 0. Response time: 9.
[NX Daemon Server] - 2024-06-16T08:32:51.106Z - [WATCHER]: Processing file changes in outputs
[NX Daemon Server] - 2024-06-16T08:32:52.621Z - [WATCHER]: Processing file changes in outputs
[NX Daemon Server] - 2024-06-16T08:33:04.891Z - [WATCHER]: Processing file changes in outputs
[NX Daemon Server] - 2024-06-16T08:33:06.632Z - [WATCHER]: Processing file changes in outputs
[NX Daemon Server] - 2024-06-16T08:33:06.999Z - [WATCHER]: Processing file changes in outputs
[NX Daemon Server] - 2024-06-16T08:33:08.043Z - [WATCHER]: Processing file changes in outputs
[NX Daemon Server] - 2024-06-16T08:33:08.937Z - [WATCHER]: Processing file changes in outputs
[NX Daemon Server] - 2024-06-16T08:33:09.334Z - [WATCHER]: Processing file changes in outputs
